<?xml version="1.0" encoding="UTF-8"?>
<testsuite xmlns:xsi="http://www.w3.org/2001/XMLSchema-instance" xsi:noNamespaceSchemaLocation="https://maven.apache.org/surefire/maven-surefire-plugin/xsd/surefire-test-report.xsd" version="3.0.2" name="com.lep.portal.RepositoryIntegrationTest" time="6.368" tests="8" errors="0" skipped="0" failures="0">
  <properties>
[...]
</properties>
  <testcase name="userExperienceBothLevelsExist" classname="com.lep.portal.RepositoryIntegrationTest" time="0.708">
    <system-out><![CDATA[14:30:55.817 [main] INFO org.testcontainers.images.PullPolicy -- Image pull policy will be performed by: DefaultPullPolicy()
14:30:55.823 [main] INFO org.testcontainers.utility.ImageNameSubstitutor -- Image name substitution will be performed by: DefaultImageNameSubstitutor (composite of 'ConfigurationFileImageNameSubstitutor' and 'PrefixingImageNameSubstitutor')
14:30:55.870 [main] INFO org.testcontainers.DockerClientFactory -- Testcontainers version: 2.0.5
14:30:56.052 [main] INFO org.testcontainers.dockerclient.DockerClientProviderStrategy -- Loaded org.testcontainers.dockerclient.NpipeSocketClientProviderStrategy from ~/.testcontainers.properties, will try it first
14:30:56.382 [main] INFO org.testcontainers.dockerclient.DockerClientProviderStrategy -- Found Docker environment with local Npipe socket (npipe:////./pipe/docker_engine)
14:30:56.383 [main] INFO org.testcontainers.DockerClientFactory -- Docker host IP address is localhost
14:30:56.398 [main] INFO org.testcontainers.DockerClientFactory -- Connected to docker: 
  Server Version: 29.4.3
  API Version: 1.54
  Operating System: Docker Desktop
  Total Memory: 15931 MB
  Labels: 
    com.docker.desktop.address=npipe://\\.\pipe\docker_cli
14:30:56.419 [main] INFO tc.testcontainers/ryuk:0.14.0 -- Creating container for image: testcontainers/ryuk:0.14.0
14:30:56.595 [main] INFO tc.testcontainers/ryuk:0.14.0 -- Container testcontainers/ryuk:0.14.0 is starting: a59ca5f7ca103445d5344ce00eb43e6fcd7fbd86c1f6aa334b45611ea09086d8
14:30:56.847 [main] INFO tc.testcontainers/ryuk:0.14.0 -- Container testcontainers/ryuk:0.14.0 started in PT0.4279829S
14:30:56.851 [main] INFO org.testcontainers.utility.RyukResourceReaper -- Ryuk started - will monitor and terminate Testcontainers containers on JVM exit
14:30:56.851 [main] INFO org.testcontainers.DockerClientFactory -- Checking the system...
14:30:56.852 [main] INFO org.testcontainers.DockerClientFactory -- ?? Docker server version should be at least 1.6.0
14:30:56.852 [main] INFO tc.postgres:16 -- Creating container for image: postgres:16
14:30:56.892 [main] INFO tc.postgres:16 -- Container postgres:16 is starting: cd94ee25d8ce7a6b476743b95818939aa5e976085230dcd71f6c2b1425e900e4
14:30:58.129 [main] INFO tc.postgres:16 -- Container postgres:16 started in PT1.2769374S
14:30:58.129 [main] INFO tc.postgres:16 -- Container is started (JDBC URL: jdbc:postgresql://localhost:55931/leptest?loggerLevel=OFF)
14:30:58.193 [main] INFO org.springframework.test.context.support.AnnotationConfigContextLoaderUtils -- Could not detect default configuration classes for test class [com.lep.portal.RepositoryIntegrationTest]: RepositoryIntegrationTest does not declare any static, non-private, non-final, nested classes annotated with @Configuration.
14:30:58.277 [main] INFO org.springframework.boot.test.context.SpringBootTestContextBootstrapper -- Found @SpringBootConfiguration com.lep.portal.PortalApplication for test class com.lep.portal.RepositoryIntegrationTest
14:30:58.338 [main] INFO org.springframework.boot.devtools.restart.RestartApplicationListener -- Restart disabled due to context in which it is running

  .   ____          _            __ _ _
 /\\ / ___'_ __ _ _(_)_ __  __ _ \ \ \ \
( ( )\___ | '_ | '_| | '_ \/ _` | \ \ \ \
 \\/  ___)| |_)| | | | | || (_| |  ) ) ) )
  '  |____| .__|_| |_|_| |_\__, | / / / /
 =========|_|==============|___/=/_/_/_/

 :: Spring Boot ::                (v3.4.4)

2026-05-25T14:30:58.654+01:00  INFO 17252 --- [           main] c.lep.portal.RepositoryIntegrationTest   : Starting RepositoryIntegrationTest using Java 17.0.12 with PID 17252 (started by user in c:\Users\user\Desktop\act)
2026-05-25T14:30:58.655+01:00 DEBUG 17252 --- [           main] c.lep.portal.RepositoryIntegrationTest   : Running with Spring Boot v3.4.4, Spring v6.2.5
2026-05-25T14:30:58.655+01:00  INFO 17252 --- [           main] c.lep.portal.RepositoryIntegrationTest   : No active profile set, falling back to 1 default profile: "default"
2026-05-25T14:30:59.003+01:00  INFO 17252 --- [           main] .s.d.r.c.RepositoryConfigurationDelegate : Bootstrapping Spring Data JDBC repositories in DEFAULT mode.
2026-05-25T14:30:59.057+01:00  INFO 17252 --- [           main] .s.d.r.c.RepositoryConfigurationDelegate : Finished Spring Data repository scanning in 48 ms. Found 8 JDBC repository interfaces.
2026-05-25T14:30:59.528+01:00 DEBUG 17252 --- [           main] o.f.c.i.s.classpath.ClassPathScanner     : Scanning for classpath resources at 'classpath:db/callback' ...
2026-05-25T14:30:59.528+01:00 DEBUG 17252 --- [           main] o.f.c.i.s.classpath.ClassPathScanner     : Determining location urls for classpath:db/callback using ClassLoader jdk.internal.loader.ClassLoaders$AppClassLoader@2a139a55 ...
2026-05-25T14:30:59.528+01:00 DEBUG 17252 --- [           main] o.f.c.i.s.classpath.ClassPathScanner     : Unable to resolve location classpath:db/callback.
2026-05-25T14:30:59.528+01:00 DEBUG 17252 --- [           main] o.f.c.i.s.classpath.ClassPathScanner     : Scanning for classpath resources at 'classpath:db/migration' ...
2026-05-25T14:30:59.528+01:00 DEBUG 17252 --- [           main] o.f.c.i.s.classpath.ClassPathScanner     : Determining location urls for classpath:db/migration using ClassLoader jdk.internal.loader.ClassLoaders$AppClassLoader@2a139a55 ...
2026-05-25T14:30:59.528+01:00 DEBUG 17252 --- [           main] o.f.c.i.s.classpath.ClassPathScanner     : Scanning URL: file:/C:/Users/user/Desktop/act/target/classes/db/migration
2026-05-25T14:30:59.530+01:00 DEBUG 17252 --- [           main] i.s.c.FileSystemClassPathLocationScanner : Scanning starting at classpath root in filesystem: C:\Users\user\Desktop\act\target\classes\
2026-05-25T14:30:59.530+01:00 DEBUG 17252 --- [           main] i.s.c.FileSystemClassPathLocationScanner : Scanning for resources in path: C:\Users\user\Desktop\act\target\classes\db\migration (db/migration)
2026-05-25T14:30:59.532+01:00 DEBUG 17252 --- [           main] o.f.c.i.s.classpath.ClassPathScanner     : Found resource: db/migration/V1__init.sql
2026-05-25T14:30:59.532+01:00 DEBUG 17252 --- [           main] o.f.c.i.s.classpath.ClassPathScanner     : Found resource: db/migration/V2__spring_session.sql
2026-05-25T14:30:59.532+01:00 DEBUG 17252 --- [           main] o.f.c.i.s.classpath.ClassPathScanner     : Scanning for classes at classpath:db/migration
2026-05-25T14:30:59.543+01:00  INFO 17252 --- [           main] com.zaxxer.hikari.HikariDataSource       : HikariPool-1 - Starting...
2026-05-25T14:30:59.670+01:00  INFO 17252 --- [           main] com.zaxxer.hikari.pool.HikariPool        : HikariPool-1 - Added connection org.postgresql.jdbc.PgConnection@1c7843c3
2026-05-25T14:30:59.671+01:00  INFO 17252 --- [           main] com.zaxxer.hikari.HikariDataSource       : HikariPool-1 - Start completed.
2026-05-25T14:30:59.692+01:00 DEBUG 17252 --- [           main] o.f.c.i.resource.ResourceNameValidator   : Validating V1__init.sql
2026-05-25T14:30:59.693+01:00 DEBUG 17252 --- [           main] o.f.c.i.resource.ResourceNameValidator   : Validating V2__spring_session.sql
2026-05-25T14:30:59.697+01:00 DEBUG 17252 --- [           main] o.f.c.i.database.DatabaseTypeRegister    : Multiple databases found that handle url 'jdbc:postgresql://localhost:55931/leptest?loggerLevel=OFF&stringtype=unspecified': CockroachDB,PostgreSQL
2026-05-25T14:30:59.697+01:00  INFO 17252 --- [           main] org.flywaydb.core.FlywayExecutor         : Database: jdbc:postgresql://localhost:55931/leptest?loggerLevel=OFF&stringtype=unspecified (PostgreSQL 16.14)
2026-05-25T14:30:59.697+01:00 DEBUG 17252 --- [           main] org.flywaydb.core.FlywayExecutor         : Database Type: PostgreSQL
2026-05-25T14:30:59.697+01:00 DEBUG 17252 --- [           main] org.flywaydb.core.FlywayExecutor         : Driver: PostgreSQL JDBC Driver 42.7.5
2026-05-25T14:30:59.698+01:00 DEBUG 17252 --- [           main] org.flywaydb.core.FlywayExecutor         : DDL Transactions Supported: true
2026-05-25T14:30:59.698+01:00 DEBUG 17252 --- [           main] o.f.c.i.s.SchemaHistoryFactory           : Schemas: 
2026-05-25T14:30:59.698+01:00 DEBUG 17252 --- [           main] o.f.c.i.s.SchemaHistoryFactory           : Default schema: null
2026-05-25T14:30:59.708+01:00 DEBUG 17252 --- [           main] org.flywaydb.core.FlywayExecutor         : Scanning for script callbacks ...
2026-05-25T14:30:59.710+01:00 DEBUG 17252 --- [           main] o.f.c.i.c.SqlScriptCallbackFactory       : Scanning for SQL callbacks ...
2026-05-25T14:30:59.718+01:00 DEBUG 17252 --- [           main] o.f.core.internal.command.DbValidate     : Validating migrations ...
2026-05-25T14:30:59.720+01:00 DEBUG 17252 --- [           main] o.f.c.a.c.ClassicConfiguration           : CherryPickConfigurationExtension not found
2026-05-25T14:30:59.727+01:00 DEBUG 17252 --- [           main] o.f.core.internal.scanner.Scanner        : Filtering out resource: db/migration/V1__init.sql (filename: V1__init.sql)
2026-05-25T14:30:59.728+01:00 DEBUG 17252 --- [           main] o.f.core.internal.scanner.Scanner        : Filtering out resource: db/migration/V2__spring_session.sql (filename: V2__spring_session.sql)
2026-05-25T14:30:59.728+01:00 DEBUG 17252 --- [           main] o.f.core.internal.scanner.Scanner        : Filtering out resource: db/migration/V1__init.sql (filename: V1__init.sql)
2026-05-25T14:30:59.728+01:00 DEBUG 17252 --- [           main] o.f.core.internal.scanner.Scanner        : Filtering out resource: db/migration/V2__spring_session.sql (filename: V2__spring_session.sql)
2026-05-25T14:30:59.729+01:00 DEBUG 17252 --- [           main] o.f.core.internal.scanner.Scanner        : Filtering out resource: db/migration/V1__init.sql (filename: V1__init.sql)
2026-05-25T14:30:59.729+01:00 DEBUG 17252 --- [           main] o.f.core.internal.scanner.Scanner        : Filtering out resource: db/migration/V2__spring_session.sql (filename: V2__spring_session.sql)
2026-05-25T14:30:59.729+01:00 DEBUG 17252 --- [           main] o.f.core.internal.scanner.Scanner        : Filtering out resource: db/migration/V1__init.sql (filename: V1__init.sql)
2026-05-25T14:30:59.729+01:00 DEBUG 17252 --- [           main] o.f.core.internal.scanner.Scanner        : Filtering out resource: db/migration/V2__spring_session.sql (filename: V2__spring_session.sql)
2026-05-25T14:30:59.733+01:00  INFO 17252 --- [           main] o.f.c.i.s.JdbcTableSchemaHistory         : Schema history table "public"."flyway_schema_history" does not exist yet
2026-05-25T14:30:59.735+01:00  INFO 17252 --- [           main] o.f.core.internal.command.DbValidate     : Successfully validated 2 migrations (execution time 00:00.016s)
2026-05-25T14:30:59.739+01:00 DEBUG 17252 --- [           main] o.f.core.internal.command.DbSchemas      : Skipping creation of existing schema: "public"
2026-05-25T14:30:59.749+01:00  INFO 17252 --- [           main] o.f.c.i.s.JdbcTableSchemaHistory         : Creating Schema History table "public"."flyway_schema_history" ...
2026-05-25T14:30:59.754+01:00 DEBUG 17252 --- [           main] o.flywaydb.core.internal.parser.Parser   : Parsing  ...
2026-05-25T14:30:59.761+01:00 DEBUG 17252 --- [           main] o.f.c.i.sqlscript.ParserSqlScript        : Found statement at line 1: CREATE TABLE "public"."flyway_schema_history" (
    "installed_rank" INT NOT NULL,
    "version" VARCHAR(50),
    "description" VARCHAR(200) NOT NULL,
    "type" VARCHAR(20) NOT NULL,
    "script" VARCHAR(1000) NOT NULL,
    "checksum" INTEGER,
    "installed_by" VARCHAR(100) NOT NULL,
    "installed_on" TIMESTAMP NOT NULL DEFAULT now(),
    "execution_time" INTEGER NOT NULL,
    "success" BOOLEAN NOT NULL
)
2026-05-25T14:30:59.762+01:00 DEBUG 17252 --- [           main] o.f.c.i.sqlscript.ParserSqlScript        : Found statement at line 13: ALTER TABLE "public"."flyway_schema_history" ADD CONSTRAINT "flyway_schema_history_pk" PRIMARY KEY ("installed_rank")
2026-05-25T14:30:59.762+01:00 DEBUG 17252 --- [           main] o.f.c.i.sqlscript.ParserSqlScript        : Found statement at line 14: CREATE INDEX "flyway_schema_history_s_idx" ON "public"."flyway_schema_history" ("success")
2026-05-25T14:30:59.763+01:00 DEBUG 17252 --- [           main] o.f.c.i.s.DefaultSqlScriptExecutor       : Executing SQL: CREATE TABLE "public"."flyway_schema_history" (
    "installed_rank" INT NOT NULL,
    "version" VARCHAR(50),
    "description" VARCHAR(200) NOT NULL,
    "type" VARCHAR(20) NOT NULL,
    "script" VARCHAR(1000) NOT NULL,
    "checksum" INTEGER,
    "installed_by" VARCHAR(100) NOT NULL,
    "installed_on" TIMESTAMP NOT NULL DEFAULT now(),
    "execution_time" INTEGER NOT NULL,
    "success" BOOLEAN NOT NULL
)
2026-05-25T14:30:59.768+01:00 DEBUG 17252 --- [           main] o.f.c.i.s.DefaultSqlScriptExecutor       : 0 rows affected
2026-05-25T14:30:59.768+01:00 DEBUG 17252 --- [           main] o.f.c.i.s.DefaultSqlScriptExecutor       : Executing SQL: ALTER TABLE "public"."flyway_schema_history" ADD CONSTRAINT "flyway_schema_history_pk" PRIMARY KEY ("installed_rank")
2026-05-25T14:30:59.769+01:00 DEBUG 17252 --- [           main] o.f.c.i.s.DefaultSqlScriptExecutor       : 0 rows affected
2026-05-25T14:30:59.769+01:00 DEBUG 17252 --- [           main] o.f.c.i.s.DefaultSqlScriptExecutor       : Executing SQL: CREATE INDEX "flyway_schema_history_s_idx" ON "public"."flyway_schema_history" ("success")
2026-05-25T14:30:59.770+01:00 DEBUG 17252 --- [           main] o.f.c.i.s.DefaultSqlScriptExecutor       : 0 rows affected
2026-05-25T14:30:59.770+01:00 DEBUG 17252 --- [           main] o.f.c.i.s.JdbcTableSchemaHistory         : Created Schema History table "public"."flyway_schema_history"
2026-05-25T14:30:59.788+01:00 DEBUG 17252 --- [           main] o.f.c.a.c.ClassicConfiguration           : CherryPickConfigurationExtension not found
2026-05-25T14:30:59.797+01:00  INFO 17252 --- [           main] o.f.core.internal.command.DbMigrate      : Current version of schema "public": << Empty Schema >>
2026-05-25T14:30:59.798+01:00 DEBUG 17252 --- [           main] o.flywaydb.core.internal.parser.Parser   : Parsing V1__init.sql ...
2026-05-25T14:30:59.803+01:00 DEBUG 17252 --- [           main] o.f.c.i.sqlscript.ParserSqlScript        : Found statement at line 14: -- ============================================================
-- Life Experience Discovery Portal — MVP schema (PostgreSQL)
-- Aligned with: MVP_SCOPE_v3_decisions.md, Life_Experience_Portal_Context_v3.md
-- Data-model decisions: D0 Postgres, D1 UUIDv7, D2 status+deleted_at,
--   D3 native ENUM, D4 NULLS NOT DISTINCT, D5 mirror target + composite FK,
--   D6 two tag join tables, D7 query-time visibility, D8 invite traceability.
-- ============================================================

-- ---- UUID generation ------------------------------------------
--   ids are generated in the DB via gen_random_uuid() (built-in PG 13+).
--   App (Spring Data JDBC) inserts with NULL id -> treated as new ->
--   DB generates the key and returns it (avoids the isNew() ambiguity).

CREATE EXTENSION IF NOT EXISTS citext
2026-05-25T14:30:59.804+01:00 DEBUG 17252 --- [           main] o.f.c.i.sqlscript.ParserSqlScript        : Found statement at line 19: -- ============================================================
-- ENUM types (D3)
-- ============================================================
CREATE TYPE activity_status   AS ENUM ('DRAFT','ACTIVE','ARCHIVED','BLOCKED')
2026-05-25T14:30:59.804+01:00 DEBUG 17252 --- [           main] o.f.c.i.sqlscript.ParserSqlScript        : Found statement at line 20: CREATE TYPE variant_status    AS ENUM ('DRAFT','ACTIVE','ARCHIVED')
2026-05-25T14:30:59.804+01:00 DEBUG 17252 --- [           main] o.f.c.i.sqlscript.ParserSqlScript        : Found statement at line 21: CREATE TYPE experience_status AS ENUM ('INTERESTING','WANT_TO_TRY','TRIED','WANT_REPEAT')
2026-05-25T14:30:59.804+01:00 DEBUG 17252 --- [           main] o.f.c.i.sqlscript.ParserSqlScript        : Found statement at line 22: CREATE TYPE cost_tier         AS ENUM ('free','low','mid','high')
2026-05-25T14:30:59.805+01:00 DEBUG 17252 --- [           main] o.f.c.i.sqlscript.ParserSqlScript        : Found statement at line 23: CREATE TYPE complexity_level  AS ENUM ('low','medium','high')
2026-05-25T14:30:59.805+01:00 DEBUG 17252 --- [           main] o.f.c.i.sqlscript.ParserSqlScript        : Found statement at line 28: -- ============================================================
-- updated_at trigger helper
-- ============================================================
CREATE OR REPLACE FUNCTION set_updated_at() RETURNS trigger AS $$
BEGIN
    NEW.updated_at = now();
    RETURN NEW;
END;
$$ LANGUAGE plpgsql
2026-05-25T14:30:59.807+01:00 DEBUG 17252 --- [           main] o.f.c.i.sqlscript.ParserSqlScript        : Found statement at line 40: -- ============================================================
-- users
--   Auth: email + password (argon2id). Admin-assisted reset — no email infra in MVP.
--   Email verification skipped in MVP (invite-only trust).
-- ============================================================
CREATE TABLE users (
    id                 uuid PRIMARY KEY DEFAULT gen_random_uuid(),
    email              citext NOT NULL UNIQUE,
    password_hash      text NOT NULL,
    display_name       text NOT NULL,
    bio                text,
    avatar_url         text,
    is_admin           boolean NOT NULL DEFAULT false,
    invited_by_user_id uuid REFERENCES users(id) ON DELETE RESTRICT,
    invite_id          uuid,
    consent_at         timestamptz NOT NULL DEFAULT now(),
    created_at         timestamptz NOT NULL DEFAULT now(),
    updated_at         timestamptz NOT NULL DEFAULT now(),
    deleted_at         timestamptz
)
2026-05-25T14:30:59.807+01:00 DEBUG 17252 --- [           main] o.f.c.i.sqlscript.ParserSqlScript        : Found statement at line 55: CREATE TRIGGER trg_users_updated BEFORE UPDATE ON users
    FOR EACH ROW EXECUTE FUNCTION set_updated_at()
2026-05-25T14:30:59.808+01:00 DEBUG 17252 --- [           main] o.f.c.i.sqlscript.ParserSqlScript        : Found statement at line 61: -- ============================================================
-- invites — reusable code, no per-use limit, TTL = created + 7d
-- ============================================================
CREATE TABLE invites (
    id          uuid PRIMARY KEY DEFAULT gen_random_uuid(),
    code        text NOT NULL UNIQUE,
    created_by  uuid NOT NULL REFERENCES users(id) ON DELETE RESTRICT,
    expires_at  timestamptz NOT NULL,
    revoked_at  timestamptz,
    created_at  timestamptz NOT NULL DEFAULT now()
)
2026-05-25T14:30:59.808+01:00 DEBUG 17252 --- [           main] o.f.c.i.sqlscript.ParserSqlScript        : Found statement at line 69: CREATE INDEX idx_invites_code ON invites(code)
2026-05-25T14:30:59.808+01:00 DEBUG 17252 --- [           main] o.f.c.i.sqlscript.ParserSqlScript        : Found statement at line 71: ALTER TABLE users
    ADD CONSTRAINT fk_users_invite
    FOREIGN KEY (invite_id) REFERENCES invites(id) ON DELETE SET NULL
2026-05-25T14:30:59.809+01:00 DEBUG 17252 --- [           main] o.f.c.i.sqlscript.ParserSqlScript        : Found statement at line 78: -- ============================================================
-- categories — fixed lookup, RU labels, runtime-immutable
-- ============================================================
CREATE TABLE categories (
    id         uuid PRIMARY KEY DEFAULT gen_random_uuid(),
    slug       text NOT NULL UNIQUE,
    label_ru   text NOT NULL,
    sort_order smallint NOT NULL DEFAULT 0,
    is_active  boolean NOT NULL DEFAULT true
)
2026-05-25T14:30:59.810+01:00 DEBUG 17252 --- [           main] o.f.c.i.sqlscript.ParserSqlScript        : Found statement at line 86: INSERT INTO categories (slug, label_ru, sort_order) VALUES
    ('sport',      'Спорт',          10),
    ('learning',   'Обучение',       20),
    ('creativity', 'Творчество',     30),
    ('nature',     'Природа',        40),
    ('travel',     'Путешествия',    50),
    ('technology', 'Технологии',     60),
    ('social',     'Общение',        70),
    ('home_life',  'Дом и быт',      80),
    ('unusual',    'Необычный опыт', 90)
2026-05-25T14:30:59.811+01:00 DEBUG 17252 --- [           main] o.f.c.i.sqlscript.ParserSqlScript        : Found statement at line 100: -- ============================================================
-- activities
-- ============================================================
CREATE TABLE activities (
    id                 uuid PRIMARY KEY DEFAULT gen_random_uuid(),
    title              text NOT NULL,
    description        text,
    category_id        uuid NOT NULL REFERENCES categories(id) ON DELETE RESTRICT,
    complexity         complexity_level,
    cost_tier          cost_tier,
    estimated_duration text,
    requirements       text,
    interesting_reason text,
    created_by         uuid NOT NULL REFERENCES users(id) ON DELETE RESTRICT,
    status             activity_status NOT NULL DEFAULT 'ACTIVE',
    created_at         timestamptz NOT NULL DEFAULT now(),
    updated_at         timestamptz NOT NULL DEFAULT now(),
    deleted_at         timestamptz
)
2026-05-25T14:30:59.811+01:00 DEBUG 17252 --- [           main] o.f.c.i.sqlscript.ParserSqlScript        : Found statement at line 117: CREATE INDEX idx_activities_lower_title ON activities (lower(title))
2026-05-25T14:30:59.811+01:00 DEBUG 17252 --- [           main] o.f.c.i.sqlscript.ParserSqlScript        : Found statement at line 118: CREATE INDEX idx_activities_category    ON activities (category_id)
2026-05-25T14:30:59.811+01:00 DEBUG 17252 --- [           main] o.f.c.i.sqlscript.ParserSqlScript        : Found statement at line 119: CREATE INDEX idx_activities_visible     ON activities (status) WHERE deleted_at IS NULL
2026-05-25T14:30:59.811+01:00 DEBUG 17252 --- [           main] o.f.c.i.sqlscript.ParserSqlScript        : Found statement at line 120: CREATE TRIGGER trg_activities_updated BEFORE UPDATE ON activities
    FOR EACH ROW EXECUTE FUNCTION set_updated_at()
2026-05-25T14:30:59.812+01:00 DEBUG 17252 --- [           main] o.f.c.i.sqlscript.ParserSqlScript        : Found statement at line 126: -- ============================================================
-- variants — created ACTIVE; UNIQUE(id, activity_id) enables composite FKs (D5)
-- ============================================================
CREATE TABLE variants (
    id                 uuid PRIMARY KEY DEFAULT gen_random_uuid(),
    activity_id        uuid NOT NULL REFERENCES activities(id) ON DELETE RESTRICT,
    title              text NOT NULL,
    description        text,
    difference_reason  text,
    extra_requirements text,
    created_by         uuid NOT NULL REFERENCES users(id) ON DELETE RESTRICT,
    status             variant_status NOT NULL DEFAULT 'ACTIVE',
    created_at         timestamptz NOT NULL DEFAULT now(),
    updated_at         timestamptz NOT NULL DEFAULT now(),
    deleted_at         timestamptz,
    UNIQUE (id, activity_id)
)
2026-05-25T14:30:59.813+01:00 DEBUG 17252 --- [           main] o.f.c.i.sqlscript.ParserSqlScript        : Found statement at line 140: CREATE INDEX idx_variants_activity ON variants (activity_id)
2026-05-25T14:30:59.813+01:00 DEBUG 17252 --- [           main] o.f.c.i.sqlscript.ParserSqlScript        : Found statement at line 141: CREATE TRIGGER trg_variants_updated BEFORE UPDATE ON variants
    FOR EACH ROW EXECUTE FUNCTION set_updated_at()
2026-05-25T14:30:59.813+01:00 DEBUG 17252 --- [           main] o.f.c.i.sqlscript.ParserSqlScript        : Found statement at line 147: -- ============================================================
-- tags — user-creatable, case-normalized (slug)
-- ============================================================
CREATE TABLE tags (
    id         uuid PRIMARY KEY DEFAULT gen_random_uuid(),
    slug       text NOT NULL UNIQUE,
    name       text NOT NULL,
    created_by uuid REFERENCES users(id) ON DELETE SET NULL,
    created_at timestamptz NOT NULL DEFAULT now()
)
2026-05-25T14:30:59.813+01:00 DEBUG 17252 --- [           main] o.f.c.i.sqlscript.ParserSqlScript        : Found statement at line 158: -- ============================================================
-- activity_tags / variant_tags (D6)
-- ============================================================
CREATE TABLE activity_tags (
    activity_id uuid NOT NULL REFERENCES activities(id) ON DELETE CASCADE,
    tag_id      uuid NOT NULL REFERENCES tags(id)       ON DELETE CASCADE,
    PRIMARY KEY (activity_id, tag_id)
)
2026-05-25T14:30:59.814+01:00 DEBUG 17252 --- [           main] o.f.c.i.sqlscript.ParserSqlScript        : Found statement at line 163: CREATE INDEX idx_activity_tags_tag ON activity_tags (tag_id)
2026-05-25T14:30:59.814+01:00 DEBUG 17252 --- [           main] o.f.c.i.sqlscript.ParserSqlScript        : Found statement at line 165: CREATE TABLE variant_tags (
    variant_id uuid NOT NULL REFERENCES variants(id) ON DELETE CASCADE,
    tag_id     uuid NOT NULL REFERENCES tags(id)     ON DELETE CASCADE,
    PRIMARY KEY (variant_id, tag_id)
)
2026-05-25T14:30:59.814+01:00 DEBUG 17252 --- [           main] o.f.c.i.sqlscript.ParserSqlScript        : Found statement at line 170: CREATE INDEX idx_variant_tags_tag ON variant_tags (tag_id)
2026-05-25T14:30:59.815+01:00 DEBUG 17252 --- [           main] o.f.c.i.sqlscript.ParserSqlScript        : Found statement at line 175: -- ============================================================
-- user_experiences (D4 uniqueness, D5 target shape)
-- ============================================================
CREATE TABLE user_experiences (
    id          uuid PRIMARY KEY DEFAULT gen_random_uuid(),
    user_id     uuid NOT NULL REFERENCES users(id)      ON DELETE CASCADE,
    activity_id uuid NOT NULL REFERENCES activities(id) ON DELETE RESTRICT,
    variant_id  uuid,
    status      experience_status NOT NULL,
    note        text,
    created_at  timestamptz NOT NULL DEFAULT now(),
    updated_at  timestamptz NOT NULL DEFAULT now(),
    FOREIGN KEY (variant_id, activity_id)
        REFERENCES variants(id, activity_id) ON DELETE RESTRICT,
    CONSTRAINT uq_user_experience
        UNIQUE NULLS NOT DISTINCT (user_id, activity_id, variant_id)
)
2026-05-25T14:30:59.815+01:00 DEBUG 17252 --- [           main] o.f.c.i.sqlscript.ParserSqlScript        : Found statement at line 189: CREATE INDEX idx_ux_user     ON user_experiences (user_id)
2026-05-25T14:30:59.815+01:00 DEBUG 17252 --- [           main] o.f.c.i.sqlscript.ParserSqlScript        : Found statement at line 190: CREATE INDEX idx_ux_activity ON user_experiences (activity_id)
2026-05-25T14:30:59.815+01:00 DEBUG 17252 --- [           main] o.f.c.i.sqlscript.ParserSqlScript        : Found statement at line 191: CREATE TRIGGER trg_ux_updated BEFORE UPDATE ON user_experiences
    FOR EACH ROW EXECUTE FUNCTION set_updated_at()
2026-05-25T14:30:59.816+01:00 DEBUG 17252 --- [           main] o.f.c.i.sqlscript.ParserSqlScript        : Found statement at line 197: -- ============================================================
-- bookmarks (D5) — mirrors user_experiences target shape
-- ============================================================
CREATE TABLE bookmarks (
    id          uuid PRIMARY KEY DEFAULT gen_random_uuid(),
    user_id     uuid NOT NULL REFERENCES users(id)      ON DELETE CASCADE,
    activity_id uuid NOT NULL REFERENCES activities(id) ON DELETE RESTRICT,
    variant_id  uuid,
    created_at  timestamptz NOT NULL DEFAULT now(),
    FOREIGN KEY (variant_id, activity_id)
        REFERENCES variants(id, activity_id) ON DELETE RESTRICT,
    CONSTRAINT uq_bookmark
        UNIQUE NULLS NOT DISTINCT (user_id, activity_id, variant_id)
)
2026-05-25T14:30:59.816+01:00 DEBUG 17252 --- [           main] o.f.c.i.sqlscript.ParserSqlScript        : Found statement at line 208: CREATE INDEX idx_bookmarks_user ON bookmarks (user_id)
2026-05-25T14:30:59.816+01:00 DEBUG 17252 --- [           main] o.f.c.i.sqlscript.ParserSqlScript        : Found statement at line 213: -- ============================================================
-- Visibility views (D7) — query-time filter, no cascade writes
-- ============================================================
CREATE VIEW visible_activities AS
    SELECT * FROM activities
    WHERE status = 'ACTIVE' AND deleted_at IS NULL
2026-05-25T14:30:59.817+01:00 DEBUG 17252 --- [           main] o.f.c.i.sqlscript.ParserSqlScript        : Found statement at line 217: CREATE VIEW visible_variants AS
    SELECT v.*
    FROM variants v
    JOIN activities a ON a.id = v.activity_id
    WHERE v.status = 'ACTIVE' AND v.deleted_at IS NULL
      AND a.status = 'ACTIVE' AND a.deleted_at IS NULL
2026-05-25T14:30:59.819+01:00 DEBUG 17252 --- [           main] o.f.core.internal.command.DbMigrate      : Starting migration of schema "public" to version "1 - init" ...
2026-05-25T14:30:59.823+01:00  INFO 17252 --- [           main] o.f.core.internal.command.DbMigrate      : Migrating schema "public" to version "1 - init"
2026-05-25T14:30:59.826+01:00 DEBUG 17252 --- [           main] o.f.c.i.s.DefaultSqlScriptExecutor       : Executing SQL: -- ============================================================
-- Life Experience Discovery Portal — MVP schema (PostgreSQL)
-- Aligned with: MVP_SCOPE_v3_decisions.md, Life_Experience_Portal_Context_v3.md
-- Data-model decisions: D0 Postgres, D1 UUIDv7, D2 status+deleted_at,
--   D3 native ENUM, D4 NULLS NOT DISTINCT, D5 mirror target + composite FK,
--   D6 two tag join tables, D7 query-time visibility, D8 invite traceability.
-- ============================================================

-- ---- UUID generation ------------------------------------------
--   ids are generated in the DB via gen_random_uuid() (built-in PG 13+).
--   App (Spring Data JDBC) inserts with NULL id -> treated as new ->
--   DB generates the key and returns it (avoids the isNew() ambiguity).

CREATE EXTENSION IF NOT EXISTS citext
2026-05-25T14:30:59.833+01:00 DEBUG 17252 --- [           main] o.f.c.i.s.DefaultSqlScriptExecutor       : 0 rows affected
2026-05-25T14:30:59.833+01:00 DEBUG 17252 --- [           main] o.f.c.i.s.DefaultSqlScriptExecutor       : Executing SQL: -- ============================================================
-- ENUM types (D3)
-- ============================================================
CREATE TYPE activity_status   AS ENUM ('DRAFT','ACTIVE','ARCHIVED','BLOCKED')
2026-05-25T14:30:59.834+01:00 DEBUG 17252 --- [           main] o.f.c.i.s.DefaultSqlScriptExecutor       : 0 rows affected
2026-05-25T14:30:59.834+01:00 DEBUG 17252 --- [           main] o.f.c.i.s.DefaultSqlScriptExecutor       : Executing SQL: CREATE TYPE variant_status    AS ENUM ('DRAFT','ACTIVE','ARCHIVED')
2026-05-25T14:30:59.835+01:00 DEBUG 17252 --- [           main] o.f.c.i.s.DefaultSqlScriptExecutor       : 0 rows affected
2026-05-25T14:30:59.835+01:00 DEBUG 17252 --- [           main] o.f.c.i.s.DefaultSqlScriptExecutor       : Executing SQL: CREATE TYPE experience_status AS ENUM ('INTERESTING','WANT_TO_TRY','TRIED','WANT_REPEAT')
2026-05-25T14:30:59.835+01:00 DEBUG 17252 --- [           main] o.f.c.i.s.DefaultSqlScriptExecutor       : 0 rows affected
2026-05-25T14:30:59.835+01:00 DEBUG 17252 --- [           main] o.f.c.i.s.DefaultSqlScriptExecutor       : Executing SQL: CREATE TYPE cost_tier         AS ENUM ('free','low','mid','high')
2026-05-25T14:30:59.836+01:00 DEBUG 17252 --- [           main] o.f.c.i.s.DefaultSqlScriptExecutor       : 0 rows affected
2026-05-25T14:30:59.836+01:00 DEBUG 17252 --- [           main] o.f.c.i.s.DefaultSqlScriptExecutor       : Executing SQL: CREATE TYPE complexity_level  AS ENUM ('low','medium','high')
2026-05-25T14:30:59.837+01:00 DEBUG 17252 --- [           main] o.f.c.i.s.DefaultSqlScriptExecutor       : 0 rows affected
2026-05-25T14:30:59.837+01:00 DEBUG 17252 --- [           main] o.f.c.i.s.DefaultSqlScriptExecutor       : Executing SQL: -- ============================================================
-- updated_at trigger helper
-- ============================================================
CREATE OR REPLACE FUNCTION set_updated_at() RETURNS trigger AS $$
BEGIN
    NEW.updated_at = now();
    RETURN NEW;
END;
$$ LANGUAGE plpgsql
2026-05-25T14:30:59.838+01:00 DEBUG 17252 --- [           main] o.f.c.i.s.DefaultSqlScriptExecutor       : 0 rows affected
2026-05-25T14:30:59.838+01:00 DEBUG 17252 --- [           main] o.f.c.i.s.DefaultSqlScriptExecutor       : Executing SQL: -- ============================================================
-- users
--   Auth: email + password (argon2id). Admin-assisted reset — no email infra in MVP.
--   Email verification skipped in MVP (invite-only trust).
-- ============================================================
CREATE TABLE users (
    id                 uuid PRIMARY KEY DEFAULT gen_random_uuid(),
    email              citext NOT NULL UNIQUE,
    password_hash      text NOT NULL,
    display_name       text NOT NULL,
    bio                text,
    avatar_url         text,
    is_admin           boolean NOT NULL DEFAULT false,
    invited_by_user_id uuid REFERENCES users(id) ON DELETE RESTRICT,
    invite_id          uuid,
    consent_at         timestamptz NOT NULL DEFAULT now(),
    created_at         timestamptz NOT NULL DEFAULT now(),
    updated_at         timestamptz NOT NULL DEFAULT now(),
    deleted_at         timestamptz
)
2026-05-25T14:30:59.841+01:00 DEBUG 17252 --- [           main] o.f.c.i.s.DefaultSqlScriptExecutor       : 0 rows affected
2026-05-25T14:30:59.841+01:00 DEBUG 17252 --- [           main] o.f.c.i.s.DefaultSqlScriptExecutor       : Executing SQL: CREATE TRIGGER trg_users_updated BEFORE UPDATE ON users
    FOR EACH ROW EXECUTE FUNCTION set_updated_at()
2026-05-25T14:30:59.842+01:00 DEBUG 17252 --- [           main] o.f.c.i.s.DefaultSqlScriptExecutor       : 0 rows affected
2026-05-25T14:30:59.842+01:00 DEBUG 17252 --- [           main] o.f.c.i.s.DefaultSqlScriptExecutor       : Executing SQL: -- ============================================================
-- invites — reusable code, no per-use limit, TTL = created + 7d
-- ============================================================
CREATE TABLE invites (
    id          uuid PRIMARY KEY DEFAULT gen_random_uuid(),
    code        text NOT NULL UNIQUE,
    created_by  uuid NOT NULL REFERENCES users(id) ON DELETE RESTRICT,
    expires_at  timestamptz NOT NULL,
    revoked_at  timestamptz,
    created_at  timestamptz NOT NULL DEFAULT now()
)
2026-05-25T14:30:59.844+01:00 DEBUG 17252 --- [           main] o.f.c.i.s.DefaultSqlScriptExecutor       : 0 rows affected
2026-05-25T14:30:59.844+01:00 DEBUG 17252 --- [           main] o.f.c.i.s.DefaultSqlScriptExecutor       : Executing SQL: CREATE INDEX idx_invites_code ON invites(code)
2026-05-25T14:30:59.846+01:00 DEBUG 17252 --- [           main] o.f.c.i.s.DefaultSqlScriptExecutor       : 0 rows affected
2026-05-25T14:30:59.846+01:00 DEBUG 17252 --- [           main] o.f.c.i.s.DefaultSqlScriptExecutor       : Executing SQL: ALTER TABLE users
    ADD CONSTRAINT fk_users_invite
    FOREIGN KEY (invite_id) REFERENCES invites(id) ON DELETE SET NULL
2026-05-25T14:30:59.847+01:00 DEBUG 17252 --- [           main] o.f.c.i.s.DefaultSqlScriptExecutor       : 0 rows affected
2026-05-25T14:30:59.847+01:00 DEBUG 17252 --- [           main] o.f.c.i.s.DefaultSqlScriptExecutor       : Executing SQL: -- ============================================================
-- categories — fixed lookup, RU labels, runtime-immutable
-- ============================================================
CREATE TABLE categories (
    id         uuid PRIMARY KEY DEFAULT gen_random_uuid(),
    slug       text NOT NULL UNIQUE,
    label_ru   text NOT NULL,
    sort_order smallint NOT NULL DEFAULT 0,
    is_active  boolean NOT NULL DEFAULT true
)
2026-05-25T14:30:59.849+01:00 DEBUG 17252 --- [           main] o.f.c.i.s.DefaultSqlScriptExecutor       : 0 rows affected
2026-05-25T14:30:59.849+01:00 DEBUG 17252 --- [           main] o.f.c.i.s.DefaultSqlScriptExecutor       : Executing SQL: INSERT INTO categories (slug, label_ru, sort_order) VALUES
    ('sport',      'Спорт',          10),
    ('learning',   'Обучение',       20),
    ('creativity', 'Творчество',     30),
    ('nature',     'Природа',        40),
    ('travel',     'Путешествия',    50),
    ('technology', 'Технологии',     60),
    ('social',     'Общение',        70),
    ('home_life',  'Дом и быт',      80),
    ('unusual',    'Необычный опыт', 90)
2026-05-25T14:30:59.850+01:00 DEBUG 17252 --- [           main] o.f.c.i.s.DefaultSqlScriptExecutor       : 9 rows affected
2026-05-25T14:30:59.850+01:00 DEBUG 17252 --- [           main] o.f.c.i.s.DefaultSqlScriptExecutor       : Executing SQL: -- ============================================================
-- activities
-- ============================================================
CREATE TABLE activities (
    id                 uuid PRIMARY KEY DEFAULT gen_random_uuid(),
    title              text NOT NULL,
    description        text,
    category_id        uuid NOT NULL REFERENCES categories(id) ON DELETE RESTRICT,
    complexity         complexity_level,
    cost_tier          cost_tier,
    estimated_duration text,
    requirements       text,
    interesting_reason text,
    created_by         uuid NOT NULL REFERENCES users(id) ON DELETE RESTRICT,
    status             activity_status NOT NULL DEFAULT 'ACTIVE',
    created_at         timestamptz NOT NULL DEFAULT now(),
    updated_at         timestamptz NOT NULL DEFAULT now(),
    deleted_at         timestamptz
)
2026-05-25T14:30:59.853+01:00 DEBUG 17252 --- [           main] o.f.c.i.s.DefaultSqlScriptExecutor       : 0 rows affected
2026-05-25T14:30:59.853+01:00 DEBUG 17252 --- [           main] o.f.c.i.s.DefaultSqlScriptExecutor       : Executing SQL: CREATE INDEX idx_activities_lower_title ON activities (lower(title))
2026-05-25T14:30:59.854+01:00 DEBUG 17252 --- [           main] o.f.c.i.s.DefaultSqlScriptExecutor       : 0 rows affected
2026-05-25T14:30:59.854+01:00 DEBUG 17252 --- [           main] o.f.c.i.s.DefaultSqlScriptExecutor       : Executing SQL: CREATE INDEX idx_activities_category    ON activities (category_id)
2026-05-25T14:30:59.855+01:00 DEBUG 17252 --- [           main] o.f.c.i.s.DefaultSqlScriptExecutor       : 0 rows affected
2026-05-25T14:30:59.855+01:00 DEBUG 17252 --- [           main] o.f.c.i.s.DefaultSqlScriptExecutor       : Executing SQL: CREATE INDEX idx_activities_visible     ON activities (status) WHERE deleted_at IS NULL
2026-05-25T14:30:59.856+01:00 DEBUG 17252 --- [           main] o.f.c.i.s.DefaultSqlScriptExecutor       : 0 rows affected
2026-05-25T14:30:59.856+01:00 DEBUG 17252 --- [           main] o.f.c.i.s.DefaultSqlScriptExecutor       : Executing SQL: CREATE TRIGGER trg_activities_updated BEFORE UPDATE ON activities
    FOR EACH ROW EXECUTE FUNCTION set_updated_at()
2026-05-25T14:30:59.857+01:00 DEBUG 17252 --- [           main] o.f.c.i.s.DefaultSqlScriptExecutor       : 0 rows affected
2026-05-25T14:30:59.857+01:00 DEBUG 17252 --- [           main] o.f.c.i.s.DefaultSqlScriptExecutor       : Executing SQL: -- ============================================================
-- variants — created ACTIVE; UNIQUE(id, activity_id) enables composite FKs (D5)
-- ============================================================
CREATE TABLE variants (
    id                 uuid PRIMARY KEY DEFAULT gen_random_uuid(),
    activity_id        uuid NOT NULL REFERENCES activities(id) ON DELETE RESTRICT,
    title              text NOT NULL,
    description        text,
    difference_reason  text,
    extra_requirements text,
    created_by         uuid NOT NULL REFERENCES users(id) ON DELETE RESTRICT,
    status             variant_status NOT NULL DEFAULT 'ACTIVE',
    created_at         timestamptz NOT NULL DEFAULT now(),
    updated_at         timestamptz NOT NULL DEFAULT now(),
    deleted_at         timestamptz,
    UNIQUE (id, activity_id)
)
2026-05-25T14:30:59.859+01:00 DEBUG 17252 --- [           main] o.f.c.i.s.DefaultSqlScriptExecutor       : 0 rows affected
2026-05-25T14:30:59.859+01:00 DEBUG 17252 --- [           main] o.f.c.i.s.DefaultSqlScriptExecutor       : Executing SQL: CREATE INDEX idx_variants_activity ON variants (activity_id)
2026-05-25T14:30:59.860+01:00 DEBUG 17252 --- [           main] o.f.c.i.s.DefaultSqlScriptExecutor       : 0 rows affected
2026-05-25T14:30:59.860+01:00 DEBUG 17252 --- [           main] o.f.c.i.s.DefaultSqlScriptExecutor       : Executing SQL: CREATE TRIGGER trg_variants_updated BEFORE UPDATE ON variants
    FOR EACH ROW EXECUTE FUNCTION set_updated_at()
2026-05-25T14:30:59.860+01:00 DEBUG 17252 --- [           main] o.f.c.i.s.DefaultSqlScriptExecutor       : 0 rows affected
2026-05-25T14:30:59.861+01:00 DEBUG 17252 --- [           main] o.f.c.i.s.DefaultSqlScriptExecutor       : Executing SQL: -- ============================================================
-- tags — user-creatable, case-normalized (slug)
-- ============================================================
CREATE TABLE tags (
    id         uuid PRIMARY KEY DEFAULT gen_random_uuid(),
    slug       text NOT NULL UNIQUE,
    name       text NOT NULL,
    created_by uuid REFERENCES users(id) ON DELETE SET NULL,
    created_at timestamptz NOT NULL DEFAULT now()
)
2026-05-25T14:30:59.862+01:00 DEBUG 17252 --- [           main] o.f.c.i.s.DefaultSqlScriptExecutor       : 0 rows affected
2026-05-25T14:30:59.862+01:00 DEBUG 17252 --- [           main] o.f.c.i.s.DefaultSqlScriptExecutor       : Executing SQL: -- ============================================================
-- activity_tags / variant_tags (D6)
-- ============================================================
CREATE TABLE activity_tags (
    activity_id uuid NOT NULL REFERENCES activities(id) ON DELETE CASCADE,
    tag_id      uuid NOT NULL REFERENCES tags(id)       ON DELETE CASCADE,
    PRIMARY KEY (activity_id, tag_id)
)
2026-05-25T14:30:59.864+01:00 DEBUG 17252 --- [           main] o.f.c.i.s.DefaultSqlScriptExecutor       : 0 rows affected
2026-05-25T14:30:59.864+01:00 DEBUG 17252 --- [           main] o.f.c.i.s.DefaultSqlScriptExecutor       : Executing SQL: CREATE INDEX idx_activity_tags_tag ON activity_tags (tag_id)
2026-05-25T14:30:59.865+01:00 DEBUG 17252 --- [           main] o.f.c.i.s.DefaultSqlScriptExecutor       : 0 rows affected
2026-05-25T14:30:59.865+01:00 DEBUG 17252 --- [           main] o.f.c.i.s.DefaultSqlScriptExecutor       : Executing SQL: CREATE TABLE variant_tags (
    variant_id uuid NOT NULL REFERENCES variants(id) ON DELETE CASCADE,
    tag_id     uuid NOT NULL REFERENCES tags(id)     ON DELETE CASCADE,
    PRIMARY KEY (variant_id, tag_id)
)
2026-05-25T14:30:59.867+01:00 DEBUG 17252 --- [           main] o.f.c.i.s.DefaultSqlScriptExecutor       : 0 rows affected
2026-05-25T14:30:59.867+01:00 DEBUG 17252 --- [           main] o.f.c.i.s.DefaultSqlScriptExecutor       : Executing SQL: CREATE INDEX idx_variant_tags_tag ON variant_tags (tag_id)
2026-05-25T14:30:59.868+01:00 DEBUG 17252 --- [           main] o.f.c.i.s.DefaultSqlScriptExecutor       : 0 rows affected
2026-05-25T14:30:59.868+01:00 DEBUG 17252 --- [           main] o.f.c.i.s.DefaultSqlScriptExecutor       : Executing SQL: -- ============================================================
-- user_experiences (D4 uniqueness, D5 target shape)
-- ============================================================
CREATE TABLE user_experiences (
    id          uuid PRIMARY KEY DEFAULT gen_random_uuid(),
    user_id     uuid NOT NULL REFERENCES users(id)      ON DELETE CASCADE,
    activity_id uuid NOT NULL REFERENCES activities(id) ON DELETE RESTRICT,
    variant_id  uuid,
    status      experience_status NOT NULL,
    note        text,
    created_at  timestamptz NOT NULL DEFAULT now(),
    updated_at  timestamptz NOT NULL DEFAULT now(),
    FOREIGN KEY (variant_id, activity_id)
        REFERENCES variants(id, activity_id) ON DELETE RESTRICT,
    CONSTRAINT uq_user_experience
        UNIQUE NULLS NOT DISTINCT (user_id, activity_id, variant_id)
)
2026-05-25T14:30:59.870+01:00 DEBUG 17252 --- [           main] o.f.c.i.s.DefaultSqlScriptExecutor       : 0 rows affected
2026-05-25T14:30:59.870+01:00 DEBUG 17252 --- [           main] o.f.c.i.s.DefaultSqlScriptExecutor       : Executing SQL: CREATE INDEX idx_ux_user     ON user_experiences (user_id)
2026-05-25T14:30:59.871+01:00 DEBUG 17252 --- [           main] o.f.c.i.s.DefaultSqlScriptExecutor       : 0 rows affected
2026-05-25T14:30:59.871+01:00 DEBUG 17252 --- [           main] o.f.c.i.s.DefaultSqlScriptExecutor       : Executing SQL: CREATE INDEX idx_ux_activity ON user_experiences (activity_id)
2026-05-25T14:30:59.872+01:00 DEBUG 17252 --- [           main] o.f.c.i.s.DefaultSqlScriptExecutor       : 0 rows affected
2026-05-25T14:30:59.872+01:00 DEBUG 17252 --- [           main] o.f.c.i.s.DefaultSqlScriptExecutor       : Executing SQL: CREATE TRIGGER trg_ux_updated BEFORE UPDATE ON user_experiences
    FOR EACH ROW EXECUTE FUNCTION set_updated_at()
2026-05-25T14:30:59.873+01:00 DEBUG 17252 --- [           main] o.f.c.i.s.DefaultSqlScriptExecutor       : 0 rows affected
2026-05-25T14:30:59.873+01:00 DEBUG 17252 --- [           main] o.f.c.i.s.DefaultSqlScriptExecutor       : Executing SQL: -- ============================================================
-- bookmarks (D5) — mirrors user_experiences target shape
-- ============================================================
CREATE TABLE bookmarks (
    id          uuid PRIMARY KEY DEFAULT gen_random_uuid(),
    user_id     uuid NOT NULL REFERENCES users(id)      ON DELETE CASCADE,
    activity_id uuid NOT NULL REFERENCES activities(id) ON DELETE RESTRICT,
    variant_id  uuid,
    created_at  timestamptz NOT NULL DEFAULT now(),
    FOREIGN KEY (variant_id, activity_id)
        REFERENCES variants(id, activity_id) ON DELETE RESTRICT,
    CONSTRAINT uq_bookmark
        UNIQUE NULLS NOT DISTINCT (user_id, activity_id, variant_id)
)
2026-05-25T14:30:59.875+01:00 DEBUG 17252 --- [           main] o.f.c.i.s.DefaultSqlScriptExecutor       : 0 rows affected
2026-05-25T14:30:59.875+01:00 DEBUG 17252 --- [           main] o.f.c.i.s.DefaultSqlScriptExecutor       : Executing SQL: CREATE INDEX idx_bookmarks_user ON bookmarks (user_id)
2026-05-25T14:30:59.876+01:00 DEBUG 17252 --- [           main] o.f.c.i.s.DefaultSqlScriptExecutor       : 0 rows affected
2026-05-25T14:30:59.876+01:00 DEBUG 17252 --- [           main] o.f.c.i.s.DefaultSqlScriptExecutor       : Executing SQL: -- ============================================================
-- Visibility views (D7) — query-time filter, no cascade writes
-- ============================================================
CREATE VIEW visible_activities AS
    SELECT * FROM activities
    WHERE status = 'ACTIVE' AND deleted_at IS NULL
2026-05-25T14:30:59.877+01:00 DEBUG 17252 --- [           main] o.f.c.i.s.DefaultSqlScriptExecutor       : 0 rows affected
2026-05-25T14:30:59.877+01:00 DEBUG 17252 --- [           main] o.f.c.i.s.DefaultSqlScriptExecutor       : Executing SQL: CREATE VIEW visible_variants AS
    SELECT v.*
    FROM variants v
    JOIN activities a ON a.id = v.activity_id
    WHERE v.status = 'ACTIVE' AND v.deleted_at IS NULL
      AND a.status = 'ACTIVE' AND a.deleted_at IS NULL
2026-05-25T14:30:59.879+01:00 DEBUG 17252 --- [           main] o.f.c.i.s.DefaultSqlScriptExecutor       : 0 rows affected
2026-05-25T14:30:59.879+01:00 DEBUG 17252 --- [           main] o.f.core.internal.command.DbMigrate      : Successfully completed migration of schema "public" to version "1 - init"
2026-05-25T14:30:59.907+01:00 DEBUG 17252 --- [           main] o.f.c.i.s.JdbcTableSchemaHistory         : Schema History table "public"."flyway_schema_history" successfully updated to reflect changes
2026-05-25T14:30:59.910+01:00 DEBUG 17252 --- [           main] o.f.c.a.c.ClassicConfiguration           : CherryPickConfigurationExtension not found
2026-05-25T14:30:59.919+01:00 DEBUG 17252 --- [           main] o.flywaydb.core.internal.parser.Parser   : Parsing V2__spring_session.sql ...
2026-05-25T14:30:59.921+01:00 DEBUG 17252 --- [           main] o.f.c.i.sqlscript.ParserSqlScript        : Found statement at line 5: -- V2__spring_session.sql
-- Spring Session JDBC tables for PostgreSQL.
-- Based on Spring Session JDBC default schema (org/springframework/session/jdbc/schema-postgresql.sql)

CREATE TABLE SPRING_SESSION (
    PRIMARY_ID            CHAR(36) NOT NULL,
    SESSION_ID            CHAR(36) NOT NULL,
    CREATION_TIME         BIGINT NOT NULL,
    LAST_ACCESS_TIME      BIGINT NOT NULL,
    MAX_INACTIVE_INTERVAL INT NOT NULL,
    EXPIRY_TIME           BIGINT NOT NULL,
    PRINCIPAL_NAME        VARCHAR(100),
    CONSTRAINT SPRING_SESSION_PK PRIMARY KEY (PRIMARY_ID)
)
2026-05-25T14:30:59.922+01:00 DEBUG 17252 --- [           main] o.f.c.i.sqlscript.ParserSqlScript        : Found statement at line 16: CREATE UNIQUE INDEX SPRING_SESSION_IX1 ON SPRING_SESSION (SESSION_ID)
2026-05-25T14:30:59.922+01:00 DEBUG 17252 --- [           main] o.f.c.i.sqlscript.ParserSqlScript        : Found statement at line 17: CREATE INDEX SPRING_SESSION_IX2 ON SPRING_SESSION (EXPIRY_TIME)
2026-05-25T14:30:59.922+01:00 DEBUG 17252 --- [           main] o.f.c.i.sqlscript.ParserSqlScript        : Found statement at line 18: CREATE INDEX SPRING_SESSION_IX3 ON SPRING_SESSION (PRINCIPAL_NAME)
2026-05-25T14:30:59.923+01:00 DEBUG 17252 --- [           main] o.f.c.i.sqlscript.ParserSqlScript        : Found statement at line 20: CREATE TABLE SPRING_SESSION_ATTRIBUTES (
    SESSION_PRIMARY_ID CHAR(36) NOT NULL,
    ATTRIBUTE_NAME     VARCHAR(200) NOT NULL,
    ATTRIBUTE_BYTES    BYTEA NOT NULL,
    CONSTRAINT SPRING_SESSION_ATTRIBUTES_PK PRIMARY KEY (SESSION_PRIMARY_ID, ATTRIBUTE_NAME),
    CONSTRAINT SPRING_SESSION_ATTRIBUTES_FK FOREIGN KEY (SESSION_PRIMARY_ID)
        REFERENCES SPRING_SESSION(PRIMARY_ID) ON DELETE CASCADE
)
2026-05-25T14:30:59.923+01:00 DEBUG 17252 --- [           main] o.f.core.internal.command.DbMigrate      : Starting migration of schema "public" to version "2 - spring session" ...
2026-05-25T14:30:59.925+01:00  INFO 17252 --- [           main] o.f.core.internal.command.DbMigrate      : Migrating schema "public" to version "2 - spring session"
2026-05-25T14:30:59.926+01:00 DEBUG 17252 --- [           main] o.f.c.i.s.DefaultSqlScriptExecutor       : Executing SQL: -- V2__spring_session.sql
-- Spring Session JDBC tables for PostgreSQL.
-- Based on Spring Session JDBC default schema (org/springframework/session/jdbc/schema-postgresql.sql)

CREATE TABLE SPRING_SESSION (
    PRIMARY_ID            CHAR(36) NOT NULL,
    SESSION_ID            CHAR(36) NOT NULL,
    CREATION_TIME         BIGINT NOT NULL,
    LAST_ACCESS_TIME      BIGINT NOT NULL,
    MAX_INACTIVE_INTERVAL INT NOT NULL,
    EXPIRY_TIME           BIGINT NOT NULL,
    PRINCIPAL_NAME        VARCHAR(100),
    CONSTRAINT SPRING_SESSION_PK PRIMARY KEY (PRIMARY_ID)
)
2026-05-25T14:30:59.927+01:00 DEBUG 17252 --- [           main] o.f.c.i.s.DefaultSqlScriptExecutor       : 0 rows affected
2026-05-25T14:30:59.927+01:00 DEBUG 17252 --- [           main] o.f.c.i.s.DefaultSqlScriptExecutor       : Executing SQL: CREATE UNIQUE INDEX SPRING_SESSION_IX1 ON SPRING_SESSION (SESSION_ID)
2026-05-25T14:30:59.927+01:00 DEBUG 17252 --- [           main] o.f.c.i.s.DefaultSqlScriptExecutor       : 0 rows affected
2026-05-25T14:30:59.927+01:00 DEBUG 17252 --- [           main] o.f.c.i.s.DefaultSqlScriptExecutor       : Executing SQL: CREATE INDEX SPRING_SESSION_IX2 ON SPRING_SESSION (EXPIRY_TIME)
2026-05-25T14:30:59.928+01:00 DEBUG 17252 --- [           main] o.f.c.i.s.DefaultSqlScriptExecutor       : 0 rows affected
2026-05-25T14:30:59.928+01:00 DEBUG 17252 --- [           main] o.f.c.i.s.DefaultSqlScriptExecutor       : Executing SQL: CREATE INDEX SPRING_SESSION_IX3 ON SPRING_SESSION (PRINCIPAL_NAME)
2026-05-25T14:30:59.929+01:00 DEBUG 17252 --- [           main] o.f.c.i.s.DefaultSqlScriptExecutor       : 0 rows affected
2026-05-25T14:30:59.929+01:00 DEBUG 17252 --- [           main] o.f.c.i.s.DefaultSqlScriptExecutor       : Executing SQL: CREATE TABLE SPRING_SESSION_ATTRIBUTES (
    SESSION_PRIMARY_ID CHAR(36) NOT NULL,
    ATTRIBUTE_NAME     VARCHAR(200) NOT NULL,
    ATTRIBUTE_BYTES    BYTEA NOT NULL,
    CONSTRAINT SPRING_SESSION_ATTRIBUTES_PK PRIMARY KEY (SESSION_PRIMARY_ID, ATTRIBUTE_NAME),
    CONSTRAINT SPRING_SESSION_ATTRIBUTES_FK FOREIGN KEY (SESSION_PRIMARY_ID)
        REFERENCES SPRING_SESSION(PRIMARY_ID) ON DELETE CASCADE
)
2026-05-25T14:30:59.931+01:00 DEBUG 17252 --- [           main] o.f.c.i.s.DefaultSqlScriptExecutor       : 0 rows affected
2026-05-25T14:30:59.931+01:00 DEBUG 17252 --- [           main] o.f.core.internal.command.DbMigrate      : Successfully completed migration of schema "public" to version "2 - spring session"
2026-05-25T14:30:59.935+01:00 DEBUG 17252 --- [           main] o.f.c.i.s.JdbcTableSchemaHistory         : Schema History table "public"."flyway_schema_history" successfully updated to reflect changes
2026-05-25T14:30:59.937+01:00 DEBUG 17252 --- [           main] o.f.c.a.c.ClassicConfiguration           : CherryPickConfigurationExtension not found
2026-05-25T14:30:59.950+01:00  INFO 17252 --- [           main] o.f.core.internal.command.DbMigrate      : Successfully applied 2 migrations to schema "public", now at version v2 (execution time 00:00.067s)
2026-05-25T14:30:59.964+01:00 DEBUG 17252 --- [           main] org.flywaydb.core.FlywayExecutor         : Memory usage: 52 of 80M
2026-05-25T14:31:00.552+01:00  INFO 17252 --- [           main] r$InitializeUserDetailsManagerConfigurer : Global AuthenticationManager configured with UserDetailsService bean with name portalUserDetailsService
2026-05-25T14:31:00.940+01:00  INFO 17252 --- [           main] c.lep.portal.RepositoryIntegrationTest   : Started RepositoryIntegrationTest in 2.61 seconds (process running for 5.644)
2026-05-25T14:31:01.532+01:00 DEBUG 17252 --- [           main] o.s.jdbc.core.JdbcTemplate               : Executing SQL update and returning generated keys
2026-05-25T14:31:01.532+01:00 DEBUG 17252 --- [           main] o.s.jdbc.core.JdbcTemplate               : Executing prepared SQL statement [INSERT INTO "users" ("avatar_url", "bio", "consent_at", "created_at", "deleted_at", "display_name", "email", "invite_id", "invited_by_user_id", "is_admin", "password_hash", "updated_at") VALUES (?, ?, ?, ?, ?, ?, ?, ?, ?, ?, ?, ?)]
2026-05-25T14:31:01.534+01:00 TRACE 17252 --- [           main] o.s.jdbc.core.StatementCreatorUtils      : Setting SQL statement parameter value: column index 1, parameter value [null], value class [null], SQL type 12
2026-05-25T14:31:01.534+01:00 TRACE 17252 --- [           main] o.s.jdbc.core.StatementCreatorUtils      : Setting SQL statement parameter value: column index 2, parameter value [null], value class [null], SQL type 12
2026-05-25T14:31:01.534+01:00 TRACE 17252 --- [           main] o.s.jdbc.core.StatementCreatorUtils      : Setting SQL statement parameter value: column index 3, parameter value [2026-05-25 14:31:01.4875795], value class [java.sql.Timestamp], SQL type 93
2026-05-25T14:31:01.536+01:00 TRACE 17252 --- [           main] o.s.jdbc.core.StatementCreatorUtils      : Setting SQL statement parameter value: column index 4, parameter value [2026-05-25 14:31:01.4875795], value class [java.sql.Timestamp], SQL type 93
2026-05-25T14:31:01.536+01:00 TRACE 17252 --- [           main] o.s.jdbc.core.StatementCreatorUtils      : Setting SQL statement parameter value: column index 5, parameter value [null], value class [null], SQL type 93
2026-05-25T14:31:01.536+01:00 TRACE 17252 --- [           main] o.s.jdbc.core.StatementCreatorUtils      : Setting SQL statement parameter value: column index 6, parameter value [Admin], value class [java.lang.String], SQL type 12
2026-05-25T14:31:01.536+01:00 TRACE 17252 --- [           main] o.s.jdbc.core.StatementCreatorUtils      : Setting SQL statement parameter value: column index 7, parameter value [admin@test.com], value class [java.lang.String], SQL type 12
2026-05-25T14:31:01.536+01:00 TRACE 17252 --- [           main] o.s.jdbc.core.StatementCreatorUtils      : Setting SQL statement parameter value: column index 8, parameter value [null], value class [null], SQL type unknown
2026-05-25T14:31:01.536+01:00 TRACE 17252 --- [           main] o.s.jdbc.core.StatementCreatorUtils      : Setting SQL statement parameter value: column index 9, parameter value [null], value class [null], SQL type unknown
2026-05-25T14:31:01.536+01:00 TRACE 17252 --- [           main] o.s.jdbc.core.StatementCreatorUtils      : Setting SQL statement parameter value: column index 10, parameter value [true], value class [java.lang.Boolean], SQL type -7
2026-05-25T14:31:01.537+01:00 TRACE 17252 --- [           main] o.s.jdbc.core.StatementCreatorUtils      : Setting SQL statement parameter value: column index 11, parameter value [argon2hash], value class [java.lang.String], SQL type 12
2026-05-25T14:31:01.537+01:00 TRACE 17252 --- [           main] o.s.jdbc.core.StatementCreatorUtils      : Setting SQL statement parameter value: column index 12, parameter value [2026-05-25 14:31:01.4875795], value class [java.sql.Timestamp], SQL type 93
2026-05-25T14:31:01.542+01:00 TRACE 17252 --- [           main] o.s.jdbc.core.JdbcTemplate               : SQL update affected 1 rows and returned 1 keys
2026-05-25T14:31:01.550+01:00 DEBUG 17252 --- [           main] o.s.jdbc.core.JdbcTemplate               : Executing prepared SQL query
2026-05-25T14:31:01.550+01:00 DEBUG 17252 --- [           main] o.s.jdbc.core.JdbcTemplate               : Executing prepared SQL statement [SELECT * FROM categories WHERE is_active = true ORDER BY sort_order]
2026-05-25T14:31:01.570+01:00 DEBUG 17252 --- [           main] o.s.jdbc.core.JdbcTemplate               : Executing SQL update and returning generated keys
2026-05-25T14:31:01.570+01:00 DEBUG 17252 --- [           main] o.s.jdbc.core.JdbcTemplate               : Executing prepared SQL statement [INSERT INTO "activities" ("category_id", "complexity", "cost_tier", "created_at", "created_by", "deleted_at", "description", "estimated_duration", "interesting_reason", "requirements", "status", "title", "updated_at") VALUES (?, ?, ?, ?, ?, ?, ?, ?, ?, ?, ?, ?, ?)]
2026-05-25T14:31:01.570+01:00 TRACE 17252 --- [           main] o.s.jdbc.core.StatementCreatorUtils      : Setting SQL statement parameter value: column index 1, parameter value [90d5a027-237b-4ac5-a851-3d19d84f9333], value class [java.util.UUID], SQL type unknown
2026-05-25T14:31:01.571+01:00 TRACE 17252 --- [           main] o.s.jdbc.core.StatementCreatorUtils      : Setting SQL statement parameter value: column index 2, parameter value [null], value class [null], SQL type 12
2026-05-25T14:31:01.571+01:00 TRACE 17252 --- [           main] o.s.jdbc.core.StatementCreatorUtils      : Setting SQL statement parameter value: column index 3, parameter value [null], value class [null], SQL type 12
2026-05-25T14:31:01.571+01:00 TRACE 17252 --- [           main] o.s.jdbc.core.StatementCreatorUtils      : Setting SQL statement parameter value: column index 4, parameter value [2026-05-25 14:31:01.5654371], value class [java.sql.Timestamp], SQL type 93
2026-05-25T14:31:01.571+01:00 TRACE 17252 --- [           main] o.s.jdbc.core.StatementCreatorUtils      : Setting SQL statement parameter value: column index 5, parameter value [5c797ebf-e5bf-458a-8ee0-ab493828f297], value class [java.util.UUID], SQL type unknown
2026-05-25T14:31:01.571+01:00 TRACE 17252 --- [           main] o.s.jdbc.core.StatementCreatorUtils      : Setting SQL statement parameter value: column index 6, parameter value [null], value class [null], SQL type 93
2026-05-25T14:31:01.571+01:00 TRACE 17252 --- [           main] o.s.jdbc.core.StatementCreatorUtils      : Setting SQL statement parameter value: column index 7, parameter value [null], value class [null], SQL type 12
2026-05-25T14:31:01.571+01:00 TRACE 17252 --- [           main] o.s.jdbc.core.StatementCreatorUtils      : Setting SQL statement parameter value: column index 8, parameter value [null], value class [null], SQL type 12
2026-05-25T14:31:01.571+01:00 TRACE 17252 --- [           main] o.s.jdbc.core.StatementCreatorUtils      : Setting SQL statement parameter value: column index 9, parameter value [null], value class [null], SQL type 12
2026-05-25T14:31:01.571+01:00 TRACE 17252 --- [           main] o.s.jdbc.core.StatementCreatorUtils      : Setting SQL statement parameter value: column index 10, parameter value [null], value class [null], SQL type 12
2026-05-25T14:31:01.571+01:00 TRACE 17252 --- [           main] o.s.jdbc.core.StatementCreatorUtils      : Setting SQL statement parameter value: column index 11, parameter value [ACTIVE], value class [java.lang.String], SQL type 12
2026-05-25T14:31:01.571+01:00 TRACE 17252 --- [           main] o.s.jdbc.core.StatementCreatorUtils      : Setting SQL statement parameter value: column index 12, parameter value [Experience Activity], value class [java.lang.String], SQL type 12
2026-05-25T14:31:01.571+01:00 TRACE 17252 --- [           main] o.s.jdbc.core.StatementCreatorUtils      : Setting SQL statement parameter value: column index 13, parameter value [2026-05-25 14:31:01.5654371], value class [java.sql.Timestamp], SQL type 93
2026-05-25T14:31:01.574+01:00 TRACE 17252 --- [           main] o.s.jdbc.core.JdbcTemplate               : SQL update affected 1 rows and returned 1 keys
2026-05-25T14:31:01.579+01:00 DEBUG 17252 --- [           main] o.s.jdbc.core.JdbcTemplate               : Executing SQL update and returning generated keys
2026-05-25T14:31:01.579+01:00 DEBUG 17252 --- [           main] o.s.jdbc.core.JdbcTemplate               : Executing prepared SQL statement [INSERT INTO "variants" ("activity_id", "created_at", "created_by", "deleted_at", "description", "difference_reason", "extra_requirements", "status", "title", "updated_at") VALUES (?, ?, ?, ?, ?, ?, ?, ?, ?, ?)]
2026-05-25T14:31:01.579+01:00 TRACE 17252 --- [           main] o.s.jdbc.core.StatementCreatorUtils      : Setting SQL statement parameter value: column index 1, parameter value [ea7ae66d-4269-4744-ad6b-d4c9845ac7ca], value class [java.util.UUID], SQL type unknown
2026-05-25T14:31:01.579+01:00 TRACE 17252 --- [           main] o.s.jdbc.core.StatementCreatorUtils      : Setting SQL statement parameter value: column index 2, parameter value [2026-05-25 14:31:01.5754567], value class [java.sql.Timestamp], SQL type 93
2026-05-25T14:31:01.579+01:00 TRACE 17252 --- [           main] o.s.jdbc.core.StatementCreatorUtils      : Setting SQL statement parameter value: column index 3, parameter value [5c797ebf-e5bf-458a-8ee0-ab493828f297], value class [java.util.UUID], SQL type unknown
2026-05-25T14:31:01.579+01:00 TRACE 17252 --- [           main] o.s.jdbc.core.StatementCreatorUtils      : Setting SQL statement parameter value: column index 4, parameter value [null], value class [null], SQL type 93
2026-05-25T14:31:01.579+01:00 TRACE 17252 --- [           main] o.s.jdbc.core.StatementCreatorUtils      : Setting SQL statement parameter value: column index 5, parameter value [null], value class [null], SQL type 12
2026-05-25T14:31:01.579+01:00 TRACE 17252 --- [           main] o.s.jdbc.core.StatementCreatorUtils      : Setting SQL statement parameter value: column index 6, parameter value [null], value class [null], SQL type 12
2026-05-25T14:31:01.579+01:00 TRACE 17252 --- [           main] o.s.jdbc.core.StatementCreatorUtils      : Setting SQL statement parameter value: column index 7, parameter value [null], value class [null], SQL type 12
2026-05-25T14:31:01.579+01:00 TRACE 17252 --- [           main] o.s.jdbc.core.StatementCreatorUtils      : Setting SQL statement parameter value: column index 8, parameter value [ACTIVE], value class [java.lang.String], SQL type 12
2026-05-25T14:31:01.579+01:00 TRACE 17252 --- [           main] o.s.jdbc.core.StatementCreatorUtils      : Setting SQL statement parameter value: column index 9, parameter value [Experience Variant], value class [java.lang.String], SQL type 12
2026-05-25T14:31:01.579+01:00 TRACE 17252 --- [           main] o.s.jdbc.core.StatementCreatorUtils      : Setting SQL statement parameter value: column index 10, parameter value [2026-05-25 14:31:01.5754567], value class [java.sql.Timestamp], SQL type 93
2026-05-25T14:31:01.583+01:00 TRACE 17252 --- [           main] o.s.jdbc.core.JdbcTemplate               : SQL update affected 1 rows and returned 1 keys
2026-05-25T14:31:01.586+01:00 DEBUG 17252 --- [           main] o.s.jdbc.core.JdbcTemplate               : Executing SQL update and returning generated keys
2026-05-25T14:31:01.586+01:00 DEBUG 17252 --- [           main] o.s.jdbc.core.JdbcTemplate               : Executing prepared SQL statement [INSERT INTO "user_experiences" ("activity_id", "created_at", "note", "status", "updated_at", "user_id", "variant_id") VALUES (?, ?, ?, ?, ?, ?, ?)]
2026-05-25T14:31:01.586+01:00 TRACE 17252 --- [           main] o.s.jdbc.core.StatementCreatorUtils      : Setting SQL statement parameter value: column index 1, parameter value [ea7ae66d-4269-4744-ad6b-d4c9845ac7ca], value class [java.util.UUID], SQL type unknown
2026-05-25T14:31:01.586+01:00 TRACE 17252 --- [           main] o.s.jdbc.core.StatementCreatorUtils      : Setting SQL statement parameter value: column index 2, parameter value [2026-05-25 14:31:01.5838068], value class [java.sql.Timestamp], SQL type 93
2026-05-25T14:31:01.587+01:00 TRACE 17252 --- [           main] o.s.jdbc.core.StatementCreatorUtils      : Setting SQL statement parameter value: column index 3, parameter value [null], value class [null], SQL type 12
2026-05-25T14:31:01.587+01:00 TRACE 17252 --- [           main] o.s.jdbc.core.StatementCreatorUtils      : Setting SQL statement parameter value: column index 4, parameter value [WANT_TO_TRY], value class [java.lang.String], SQL type 12
2026-05-25T14:31:01.587+01:00 TRACE 17252 --- [           main] o.s.jdbc.core.StatementCreatorUtils      : Setting SQL statement parameter value: column index 5, parameter value [2026-05-25 14:31:01.5838068], value class [java.sql.Timestamp], SQL type 93
2026-05-25T14:31:01.587+01:00 TRACE 17252 --- [           main] o.s.jdbc.core.StatementCreatorUtils      : Setting SQL statement parameter value: column index 6, parameter value [5c797ebf-e5bf-458a-8ee0-ab493828f297], value class [java.util.UUID], SQL type unknown
2026-05-25T14:31:01.587+01:00 TRACE 17252 --- [           main] o.s.jdbc.core.StatementCreatorUtils      : Setting SQL statement parameter value: column index 7, parameter value [null], value class [null], SQL type unknown
2026-05-25T14:31:01.590+01:00 TRACE 17252 --- [           main] o.s.jdbc.core.JdbcTemplate               : SQL update affected 1 rows and returned 1 keys
2026-05-25T14:31:01.591+01:00 DEBUG 17252 --- [           main] o.s.jdbc.core.JdbcTemplate               : Executing SQL update and returning generated keys
2026-05-25T14:31:01.591+01:00 DEBUG 17252 --- [           main] o.s.jdbc.core.JdbcTemplate               : Executing prepared SQL statement [INSERT INTO "user_experiences" ("activity_id", "created_at", "note", "status", "updated_at", "user_id", "variant_id") VALUES (?, ?, ?, ?, ?, ?, ?)]
2026-05-25T14:31:01.591+01:00 TRACE 17252 --- [           main] o.s.jdbc.core.StatementCreatorUtils      : Setting SQL statement parameter value: column index 1, parameter value [ea7ae66d-4269-4744-ad6b-d4c9845ac7ca], value class [java.util.UUID], SQL type unknown
2026-05-25T14:31:01.591+01:00 TRACE 17252 --- [           main] o.s.jdbc.core.StatementCreatorUtils      : Setting SQL statement parameter value: column index 2, parameter value [2026-05-25 14:31:01.5912437], value class [java.sql.Timestamp], SQL type 93
2026-05-25T14:31:01.592+01:00 TRACE 17252 --- [           main] o.s.jdbc.core.StatementCreatorUtils      : Setting SQL statement parameter value: column index 3, parameter value [null], value class [null], SQL type 12
2026-05-25T14:31:01.592+01:00 TRACE 17252 --- [           main] o.s.jdbc.core.StatementCreatorUtils      : Setting SQL statement parameter value: column index 4, parameter value [TRIED], value class [java.lang.String], SQL type 12
2026-05-25T14:31:01.592+01:00 TRACE 17252 --- [           main] o.s.jdbc.core.StatementCreatorUtils      : Setting SQL statement parameter value: column index 5, parameter value [2026-05-25 14:31:01.5912437], value class [java.sql.Timestamp], SQL type 93
2026-05-25T14:31:01.592+01:00 TRACE 17252 --- [           main] o.s.jdbc.core.StatementCreatorUtils      : Setting SQL statement parameter value: column index 6, parameter value [5c797ebf-e5bf-458a-8ee0-ab493828f297], value class [java.util.UUID], SQL type unknown
2026-05-25T14:31:01.592+01:00 TRACE 17252 --- [           main] o.s.jdbc.core.StatementCreatorUtils      : Setting SQL statement parameter value: column index 7, parameter value [1f512c08-e08c-400d-87ed-f4d08318aaeb], value class [java.util.UUID], SQL type unknown
2026-05-25T14:31:01.593+01:00 TRACE 17252 --- [           main] o.s.jdbc.core.JdbcTemplate               : SQL update affected 1 rows and returned 1 keys
2026-05-25T14:31:01.594+01:00 DEBUG 17252 --- [           main] o.s.jdbc.core.JdbcTemplate               : Executing prepared SQL query
2026-05-25T14:31:01.594+01:00 DEBUG 17252 --- [           main] o.s.jdbc.core.JdbcTemplate               : Executing prepared SQL statement [SELECT * FROM user_experiences WHERE user_id = ? ORDER BY created_at DESC]
2026-05-25T14:31:01.594+01:00 TRACE 17252 --- [           main] o.s.jdbc.core.StatementCreatorUtils      : Setting SQL statement parameter value: column index 1, parameter value [5c797ebf-e5bf-458a-8ee0-ab493828f297], value class [java.util.UUID], SQL type unknown
]]></system-out>
  </testcase>
  <testcase name="softDeleteHidesActivity" classname="com.lep.portal.RepositoryIntegrationTest" time="0.051">
    <system-out><![CDATA[2026-05-25T14:31:01.658+01:00 DEBUG 17252 --- [           main] o.s.jdbc.core.JdbcTemplate               : Executing SQL update and returning generated keys
2026-05-25T14:31:01.658+01:00 DEBUG 17252 --- [           main] o.s.jdbc.core.JdbcTemplate               : Executing prepared SQL statement [INSERT INTO "users" ("avatar_url", "bio", "consent_at", "created_at", "deleted_at", "display_name", "email", "invite_id", "invited_by_user_id", "is_admin", "password_hash", "updated_at") VALUES (?, ?, ?, ?, ?, ?, ?, ?, ?, ?, ?, ?)]
2026-05-25T14:31:01.658+01:00 TRACE 17252 --- [           main] o.s.jdbc.core.StatementCreatorUtils      : Setting SQL statement parameter value: column index 1, parameter value [null], value class [null], SQL type 12
2026-05-25T14:31:01.658+01:00 TRACE 17252 --- [           main] o.s.jdbc.core.StatementCreatorUtils      : Setting SQL statement parameter value: column index 2, parameter value [null], value class [null], SQL type 12
2026-05-25T14:31:01.658+01:00 TRACE 17252 --- [           main] o.s.jdbc.core.StatementCreatorUtils      : Setting SQL statement parameter value: column index 3, parameter value [2026-05-25 14:31:01.6571216], value class [java.sql.Timestamp], SQL type 93
2026-05-25T14:31:01.658+01:00 TRACE 17252 --- [           main] o.s.jdbc.core.StatementCreatorUtils      : Setting SQL statement parameter value: column index 4, parameter value [2026-05-25 14:31:01.6571216], value class [java.sql.Timestamp], SQL type 93
2026-05-25T14:31:01.658+01:00 TRACE 17252 --- [           main] o.s.jdbc.core.StatementCreatorUtils      : Setting SQL statement parameter value: column index 5, parameter value [null], value class [null], SQL type 93
2026-05-25T14:31:01.658+01:00 TRACE 17252 --- [           main] o.s.jdbc.core.StatementCreatorUtils      : Setting SQL statement parameter value: column index 6, parameter value [Admin], value class [java.lang.String], SQL type 12
2026-05-25T14:31:01.658+01:00 TRACE 17252 --- [           main] o.s.jdbc.core.StatementCreatorUtils      : Setting SQL statement parameter value: column index 7, parameter value [admin@test.com], value class [java.lang.String], SQL type 12
2026-05-25T14:31:01.658+01:00 TRACE 17252 --- [           main] o.s.jdbc.core.StatementCreatorUtils      : Setting SQL statement parameter value: column index 8, parameter value [null], value class [null], SQL type unknown
2026-05-25T14:31:01.658+01:00 TRACE 17252 --- [           main] o.s.jdbc.core.StatementCreatorUtils      : Setting SQL statement parameter value: column index 9, parameter value [null], value class [null], SQL type unknown
2026-05-25T14:31:01.658+01:00 TRACE 17252 --- [           main] o.s.jdbc.core.StatementCreatorUtils      : Setting SQL statement parameter value: column index 10, parameter value [true], value class [java.lang.Boolean], SQL type -7
2026-05-25T14:31:01.658+01:00 TRACE 17252 --- [           main] o.s.jdbc.core.StatementCreatorUtils      : Setting SQL statement parameter value: column index 11, parameter value [argon2hash], value class [java.lang.String], SQL type 12
2026-05-25T14:31:01.658+01:00 TRACE 17252 --- [           main] o.s.jdbc.core.StatementCreatorUtils      : Setting SQL statement parameter value: column index 12, parameter value [2026-05-25 14:31:01.6571216], value class [java.sql.Timestamp], SQL type 93
2026-05-25T14:31:01.660+01:00 TRACE 17252 --- [           main] o.s.jdbc.core.JdbcTemplate               : SQL update affected 1 rows and returned 1 keys
2026-05-25T14:31:01.660+01:00 DEBUG 17252 --- [           main] o.s.jdbc.core.JdbcTemplate               : Executing prepared SQL query
2026-05-25T14:31:01.660+01:00 DEBUG 17252 --- [           main] o.s.jdbc.core.JdbcTemplate               : Executing prepared SQL statement [SELECT * FROM categories WHERE is_active = true ORDER BY sort_order]
2026-05-25T14:31:01.664+01:00 DEBUG 17252 --- [           main] o.s.jdbc.core.JdbcTemplate               : Executing SQL update and returning generated keys
2026-05-25T14:31:01.664+01:00 DEBUG 17252 --- [           main] o.s.jdbc.core.JdbcTemplate               : Executing prepared SQL statement [INSERT INTO "activities" ("category_id", "complexity", "cost_tier", "created_at", "created_by", "deleted_at", "description", "estimated_duration", "interesting_reason", "requirements", "status", "title", "updated_at") VALUES (?, ?, ?, ?, ?, ?, ?, ?, ?, ?, ?, ?, ?)]
2026-05-25T14:31:01.664+01:00 TRACE 17252 --- [           main] o.s.jdbc.core.StatementCreatorUtils      : Setting SQL statement parameter value: column index 1, parameter value [90d5a027-237b-4ac5-a851-3d19d84f9333], value class [java.util.UUID], SQL type unknown
2026-05-25T14:31:01.664+01:00 TRACE 17252 --- [           main] o.s.jdbc.core.StatementCreatorUtils      : Setting SQL statement parameter value: column index 2, parameter value [null], value class [null], SQL type 12
2026-05-25T14:31:01.664+01:00 TRACE 17252 --- [           main] o.s.jdbc.core.StatementCreatorUtils      : Setting SQL statement parameter value: column index 3, parameter value [null], value class [null], SQL type 12
2026-05-25T14:31:01.664+01:00 TRACE 17252 --- [           main] o.s.jdbc.core.StatementCreatorUtils      : Setting SQL statement parameter value: column index 4, parameter value [2026-05-25 14:31:01.6631773], value class [java.sql.Timestamp], SQL type 93
2026-05-25T14:31:01.664+01:00 TRACE 17252 --- [           main] o.s.jdbc.core.StatementCreatorUtils      : Setting SQL statement parameter value: column index 5, parameter value [51e9acb0-0713-426f-bf4c-d05d45dca78d], value class [java.util.UUID], SQL type unknown
2026-05-25T14:31:01.664+01:00 TRACE 17252 --- [           main] o.s.jdbc.core.StatementCreatorUtils      : Setting SQL statement parameter value: column index 6, parameter value [null], value class [null], SQL type 93
2026-05-25T14:31:01.664+01:00 TRACE 17252 --- [           main] o.s.jdbc.core.StatementCreatorUtils      : Setting SQL statement parameter value: column index 7, parameter value [null], value class [null], SQL type 12
2026-05-25T14:31:01.664+01:00 TRACE 17252 --- [           main] o.s.jdbc.core.StatementCreatorUtils      : Setting SQL statement parameter value: column index 8, parameter value [null], value class [null], SQL type 12
2026-05-25T14:31:01.664+01:00 TRACE 17252 --- [           main] o.s.jdbc.core.StatementCreatorUtils      : Setting SQL statement parameter value: column index 9, parameter value [null], value class [null], SQL type 12
2026-05-25T14:31:01.665+01:00 TRACE 17252 --- [           main] o.s.jdbc.core.StatementCreatorUtils      : Setting SQL statement parameter value: column index 10, parameter value [null], value class [null], SQL type 12
2026-05-25T14:31:01.665+01:00 TRACE 17252 --- [           main] o.s.jdbc.core.StatementCreatorUtils      : Setting SQL statement parameter value: column index 11, parameter value [ACTIVE], value class [java.lang.String], SQL type 12
2026-05-25T14:31:01.665+01:00 TRACE 17252 --- [           main] o.s.jdbc.core.StatementCreatorUtils      : Setting SQL statement parameter value: column index 12, parameter value [To Be Deleted], value class [java.lang.String], SQL type 12
2026-05-25T14:31:01.665+01:00 TRACE 17252 --- [           main] o.s.jdbc.core.StatementCreatorUtils      : Setting SQL statement parameter value: column index 13, parameter value [2026-05-25 14:31:01.6631773], value class [java.sql.Timestamp], SQL type 93
2026-05-25T14:31:01.666+01:00 TRACE 17252 --- [           main] o.s.jdbc.core.JdbcTemplate               : SQL update affected 1 rows and returned 1 keys
2026-05-25T14:31:01.666+01:00 DEBUG 17252 --- [           main] o.s.jdbc.core.JdbcTemplate               : Executing prepared SQL query
2026-05-25T14:31:01.666+01:00 DEBUG 17252 --- [           main] o.s.jdbc.core.JdbcTemplate               : Executing prepared SQL statement [SELECT * FROM visible_activities ORDER BY created_at DESC]
2026-05-25T14:31:01.688+01:00 DEBUG 17252 --- [           main] o.s.jdbc.core.JdbcTemplate               : Executing prepared SQL query
2026-05-25T14:31:01.688+01:00 DEBUG 17252 --- [           main] o.s.jdbc.core.JdbcTemplate               : Executing prepared SQL statement [SELECT "activity_tags"."tag_id" AS "tag_id", "activity_tags"."activity_id" AS "activity_id" FROM "activity_tags" WHERE "activity_tags"."activity_id" = ?]
2026-05-25T14:31:01.688+01:00 TRACE 17252 --- [           main] o.s.jdbc.core.StatementCreatorUtils      : Setting SQL statement parameter value: column index 1, parameter value [833045cd-43d5-4bcf-b4d3-104bee74b3d9], value class [java.util.UUID], SQL type unknown
2026-05-25T14:31:01.698+01:00 DEBUG 17252 --- [           main] o.s.jdbc.core.JdbcTemplate               : Executing prepared SQL update
2026-05-25T14:31:01.698+01:00 DEBUG 17252 --- [           main] o.s.jdbc.core.JdbcTemplate               : Executing prepared SQL statement [UPDATE "activities" SET "title" = ?, "description" = ?, "category_id" = ?, "complexity" = ?, "cost_tier" = ?, "estimated_duration" = ?, "requirements" = ?, "interesting_reason" = ?, "created_by" = ?, "status" = ?, "created_at" = ?, "updated_at" = ?, "deleted_at" = ? WHERE "activities"."id" = ?]
[...]
2026-05-25T14:31:01.784+01:00 DEBUG 17252 --- [           main] o.s.jdbc.core.JdbcTemplate               : Executing prepared SQL query
2026-05-25T14:31:01.784+01:00 DEBUG 17252 --- [           main] o.s.jdbc.core.JdbcTemplate               : Executing prepared SQL statement [SELECT * FROM categories WHERE is_active = true ORDER BY sort_order]
2026-05-25T14:31:01.788+01:00 DEBUG 17252 --- [           main] o.s.jdbc.core.JdbcTemplate               : Executing SQL update and returning generated keys
2026-05-25T14:31:01.788+01:00 DEBUG 17252 --- [           main] o.s.jdbc.core.JdbcTemplate               : Executing prepared SQL statement [INSERT INTO "activities" ("category_id", "complexity", "cost_tier", "created_at", "created_by", "deleted_at", "description", "estimated_duration", "interesting_reason", "requirements", "status", "title", "updated_at") VALUES (?, ?, ?, ?, ?, ?, ?, ?, ?, ?, ?, ?, ?)]
2026-05-25T14:31:01.788+01:00 TRACE 17252 --- [           main] o.s.jdbc.core.StatementCreatorUtils      : Setting SQL statement parameter value: column index 1, parameter value [90d5a027-237b-4ac5-a851-3d19d84f9333], value class [java.util.UUID], SQL type unknown
2026-05-25T14:31:01.788+01:00 TRACE 17252 --- [           main] o.s.jdbc.core.StatementCreatorUtils      : Setting SQL statement parameter value: column index 2, parameter value [null], value class [null], SQL type 12
2026-05-25T14:31:01.788+01:00 TRACE 17252 --- [           main] o.s.jdbc.core.StatementCreatorUtils      : Setting SQL statement parameter value: column index 3, parameter value [null], value class [null], SQL type 12
2026-05-25T14:31:01.788+01:00 TRACE 17252 --- [           main] o.s.jdbc.core.StatementCreatorUtils      : Setting SQL statement parameter value: column index 4, parameter value [2026-05-25 14:31:01.7871113], value class [java.sql.Timestamp], SQL type 93
2026-05-25T14:31:01.788+01:00 TRACE 17252 --- [           main] o.s.jdbc.core.StatementCreatorUtils      : Setting SQL statement parameter value: column index 5, parameter value [89ed207f-5d4d-4762-a437-78e79270e09e], value class [java.util.UUID], SQL type unknown
2026-05-25T14:31:01.788+01:00 TRACE 17252 --- [           main] o.s.jdbc.core.StatementCreatorUtils      : Setting SQL statement parameter value: column index 6, parameter value [null], value class [null], SQL type 93
2026-05-25T14:31:01.788+01:00 TRACE 17252 --- [           main] o.s.jdbc.core.StatementCreatorUtils      : Setting SQL statement parameter value: column index 7, parameter value [null], value class [null], SQL type 12
2026-05-25T14:31:01.788+01:00 TRACE 17252 --- [           main] o.s.jdbc.core.StatementCreatorUtils      : Setting SQL statement parameter value: column index 8, parameter value [null], value class [null], SQL type 12
2026-05-25T14:31:01.788+01:00 TRACE 17252 --- [           main] o.s.jdbc.core.StatementCreatorUtils      : Setting SQL statement parameter value: column index 9, parameter value [null], value class [null], SQL type 12
2026-05-25T14:31:01.788+01:00 TRACE 17252 --- [           main] o.s.jdbc.core.StatementCreatorUtils      : Setting SQL statement parameter value: column index 10, parameter value [null], value class [null], SQL type 12
2026-05-25T14:31:01.788+01:00 TRACE 17252 --- [           main] o.s.jdbc.core.StatementCreatorUtils      : Setting SQL statement parameter value: column index 11, parameter value [ACTIVE], value class [java.lang.String], SQL type 12
2026-05-25T14:31:01.788+01:00 TRACE 17252 --- [           main] o.s.jdbc.core.StatementCreatorUtils      : Setting SQL statement parameter value: column index 12, parameter value [Activity for Variant], value class [java.lang.String], SQL type 12
2026-05-25T14:31:01.788+01:00 TRACE 17252 --- [           main] o.s.jdbc.core.StatementCreatorUtils      : Setting SQL statement parameter value: column index 13, parameter value [2026-05-25 14:31:01.7871113], value class [java.sql.Timestamp], SQL type 93
2026-05-25T14:31:01.789+01:00 TRACE 17252 --- [           main] o.s.jdbc.core.JdbcTemplate               : SQL update affected 1 rows and returned 1 keys
2026-05-25T14:31:01.791+01:00 DEBUG 17252 --- [           main] o.s.jdbc.core.JdbcTemplate               : Executing SQL update and returning generated keys
2026-05-25T14:31:01.791+01:00 DEBUG 17252 --- [           main] o.s.jdbc.core.JdbcTemplate               : Executing prepared SQL statement [INSERT INTO "variants" ("activity_id", "created_at", "created_by", "deleted_at", "description", "difference_reason", "extra_requirements", "status", "title", "updated_at") VALUES (?, ?, ?, ?, ?, ?, ?, ?, ?, ?)]
2026-05-25T14:31:01.791+01:00 TRACE 17252 --- [           main] o.s.jdbc.core.StatementCreatorUtils      : Setting SQL statement parameter value: column index 1, parameter value [957f6c13-6ab0-4765-87b7-55829b20e153], value class [java.util.UUID], SQL type unknown
2026-05-25T14:31:01.792+01:00 TRACE 17252 --- [           main] o.s.jdbc.core.StatementCreatorUtils      : Setting SQL statement parameter value: column index 2, parameter value [2026-05-25 14:31:01.790475], value class [java.sql.Timestamp], SQL type 93
2026-05-25T14:31:01.792+01:00 TRACE 17252 --- [           main] o.s.jdbc.core.StatementCreatorUtils      : Setting SQL statement parameter value: column index 3, parameter value [89ed207f-5d4d-4762-a437-78e79270e09e], value class [java.util.UUID], SQL type unknown
2026-05-25T14:31:01.792+01:00 TRACE 17252 --- [           main] o.s.jdbc.core.StatementCreatorUtils      : Setting SQL statement parameter value: column index 4, parameter value [null], value class [null], SQL type 93
2026-05-25T14:31:01.792+01:00 TRACE 17252 --- [           main] o.s.jdbc.core.StatementCreatorUtils      : Setting SQL statement parameter value: column index 5, parameter value [null], value class [null], SQL type 12
2026-05-25T14:31:01.792+01:00 TRACE 17252 --- [           main] o.s.jdbc.core.StatementCreatorUtils      : Setting SQL statement parameter value: column index 6, parameter value [null], value class [null], SQL type 12
2026-05-25T14:31:01.792+01:00 TRACE 17252 --- [           main] o.s.jdbc.core.StatementCreatorUtils      : Setting SQL statement parameter value: column index 7, parameter value [null], value class [null], SQL type 12
2026-05-25T14:31:01.792+01:00 TRACE 17252 --- [           main] o.s.jdbc.core.StatementCreatorUtils      : Setting SQL statement parameter value: column index 8, parameter value [ACTIVE], value class [java.lang.String], SQL type 12
2026-05-25T14:31:01.792+01:00 TRACE 17252 --- [           main] o.s.jdbc.core.StatementCreatorUtils      : Setting SQL statement parameter value: column index 9, parameter value [Test Variant], value class [java.lang.String], SQL type 12
2026-05-25T14:31:01.792+01:00 TRACE 17252 --- [           main] o.s.jdbc.core.StatementCreatorUtils      : Setting SQL statement parameter value: column index 10, parameter value [2026-05-25 14:31:01.790475], value class [java.sql.Timestamp], SQL type 93
2026-05-25T14:31:01.793+01:00 TRACE 17252 --- [           main] o.s.jdbc.core.JdbcTemplate               : SQL update affected 1 rows and returned 1 keys
2026-05-25T14:31:01.794+01:00 DEBUG 17252 --- [           main] o.s.jdbc.core.JdbcTemplate               : Executing prepared SQL query
2026-05-25T14:31:01.794+01:00 DEBUG 17252 --- [           main] o.s.jdbc.core.JdbcTemplate               : Executing prepared SQL statement [SELECT * FROM variants WHERE activity_id = ? AND deleted_at IS NULL ORDER BY created_at]
2026-05-25T14:31:01.794+01:00 TRACE 17252 --- [           main] o.s.jdbc.core.StatementCreatorUtils      : Setting SQL statement parameter value: column index 1, parameter value [957f6c13-6ab0-4765-87b7-55829b20e153], value class [java.util.UUID], SQL type unknown
2026-05-25T14:31:01.797+01:00 DEBUG 17252 --- [           main] o.s.jdbc.core.JdbcTemplate               : Executing prepared SQL query
2026-05-25T14:31:01.797+01:00 DEBUG 17252 --- [           main] o.s.jdbc.core.JdbcTemplate               : Executing prepared SQL statement [SELECT "variant_tags"."tag_id" AS "tag_id", "variant_tags"."variant_id" AS "variant_id" FROM "variant_tags" WHERE "variant_tags"."variant_id" = ?]
2026-05-25T14:31:01.797+01:00 TRACE 17252 --- [           main] o.s.jdbc.core.StatementCreatorUtils      : Setting SQL statement parameter value: column index 1, parameter value [a694ad5c-4a3f-4052-98c3-f924e9073933], value class [java.util.UUID], SQL type unknown
]]></system-out>
  </testcase>
  <testcase name="bookmarkCreateAndDuplicate" classname="com.lep.portal.RepositoryIntegrationTest" time="0.023">
    <system-out><![CDATA[2026-05-25T14:31:01.804+01:00 DEBUG 17252 --- [           main] o.s.jdbc.core.JdbcTemplate               : Executing SQL update and returning generated keys
2026-05-25T14:31:01.804+01:00 DEBUG 17252 --- [           main] o.s.jdbc.core.JdbcTemplate               : Executing prepared SQL statement [INSERT INTO "users" ("avatar_url", "bio", "consent_at", "created_at", "deleted_at", "display_name", "email", "invite_id", "invited_by_user_id", "is_admin", "password_hash", "updated_at") VALUES (?, ?, ?, ?, ?, ?, ?, ?, ?, ?, ?, ?)]
2026-05-25T14:31:01.804+01:00 TRACE 17252 --- [           main] o.s.jdbc.core.StatementCreatorUtils      : Setting SQL statement parameter value: column index 1, parameter value [null], value class [null], SQL type 12
2026-05-25T14:31:01.804+01:00 TRACE 17252 --- [           main] o.s.jdbc.core.StatementCreatorUtils      : Setting SQL statement parameter value: column index 2, parameter value [null], value class [null], SQL type 12
2026-05-25T14:31:01.804+01:00 TRACE 17252 --- [           main] o.s.jdbc.core.StatementCreatorUtils      : Setting SQL statement parameter value: column index 3, parameter value [2026-05-25 14:31:01.8030864], value class [java.sql.Timestamp], SQL type 93
2026-05-25T14:31:01.804+01:00 TRACE 17252 --- [           main] o.s.jdbc.core.StatementCreatorUtils      : Setting SQL statement parameter value: column index 4, parameter value [2026-05-25 14:31:01.8030864], value class [java.sql.Timestamp], SQL type 93
2026-05-25T14:31:01.804+01:00 TRACE 17252 --- [           main] o.s.jdbc.core.StatementCreatorUtils      : Setting SQL statement parameter value: column index 5, parameter value [null], value class [null], SQL type 93
2026-05-25T14:31:01.804+01:00 TRACE 17252 --- [           main] o.s.jdbc.core.StatementCreatorUtils      : Setting SQL statement parameter value: column index 6, parameter value [Admin], value class [java.lang.String], SQL type 12
2026-05-25T14:31:01.804+01:00 TRACE 17252 --- [           main] o.s.jdbc.core.StatementCreatorUtils      : Setting SQL statement parameter value: column index 7, parameter value [admin@test.com], value class [java.lang.String], SQL type 12
2026-05-25T14:31:01.804+01:00 TRACE 17252 --- [           main] o.s.jdbc.core.StatementCreatorUtils      : Setting SQL statement parameter value: column index 8, parameter value [null], value class [null], SQL type unknown
2026-05-25T14:31:01.804+01:00 TRACE 17252 --- [           main] o.s.jdbc.core.StatementCreatorUtils      : Setting SQL statement parameter value: column index 9, parameter value [null], value class [null], SQL type unknown
2026-05-25T14:31:01.804+01:00 TRACE 17252 --- [           main] o.s.jdbc.core.StatementCreatorUtils      : Setting SQL statement parameter value: column index 10, parameter value [true], value class [java.lang.Boolean], SQL type -7
2026-05-25T14:31:01.804+01:00 TRACE 17252 --- [           main] o.s.jdbc.core.StatementCreatorUtils      : Setting SQL statement parameter value: column index 11, parameter value [argon2hash], value class [java.lang.String], SQL type 12
2026-05-25T14:31:01.804+01:00 TRACE 17252 --- [           main] o.s.jdbc.core.StatementCreatorUtils      : Setting SQL statement parameter value: column index 12, parameter value [2026-05-25 14:31:01.8030864], value class [java.sql.Timestamp], SQL type 93
2026-05-25T14:31:01.805+01:00 TRACE 17252 --- [           main] o.s.jdbc.core.JdbcTemplate               : SQL update affected 1 rows and returned 1 keys
2026-05-25T14:31:01.806+01:00 DEBUG 17252 --- [           main] o.s.jdbc.core.JdbcTemplate               : Executing prepared SQL query
2026-05-25T14:31:01.806+01:00 DEBUG 17252 --- [           main] o.s.jdbc.core.JdbcTemplate               : Executing prepared SQL statement [SELECT * FROM categories WHERE is_active = true ORDER BY sort_order]
2026-05-25T14:31:01.809+01:00 DEBUG 17252 --- [           main] o.s.jdbc.core.JdbcTemplate               : Executing SQL update and returning generated keys
2026-05-25T14:31:01.809+01:00 DEBUG 17252 --- [           main] o.s.jdbc.core.JdbcTemplate               : Executing prepared SQL statement [INSERT INTO "activities" ("category_id", "complexity", "cost_tier", "created_at", "created_by", "deleted_at", "description", "estimated_duration", "interesting_reason", "requirements", "status", "title", "updated_at") VALUES (?, ?, ?, ?, ?, ?, ?, ?, ?, ?, ?, ?, ?)]
2026-05-25T14:31:01.809+01:00 TRACE 17252 --- [           main] o.s.jdbc.core.StatementCreatorUtils      : Setting SQL statement parameter value: column index 1, parameter value [90d5a027-237b-4ac5-a851-3d19d84f9333], value class [java.util.UUID], SQL type unknown
2026-05-25T14:31:01.809+01:00 TRACE 17252 --- [           main] o.s.jdbc.core.StatementCreatorUtils      : Setting SQL statement parameter value: column index 2, parameter value [null], value class [null], SQL type 12
2026-05-25T14:31:01.809+01:00 TRACE 17252 --- [           main] o.s.jdbc.core.StatementCreatorUtils      : Setting SQL statement parameter value: column index 3, parameter value [null], value class [null], SQL type 12
2026-05-25T14:31:01.809+01:00 TRACE 17252 --- [           main] o.s.jdbc.core.StatementCreatorUtils      : Setting SQL statement parameter value: column index 4, parameter value [2026-05-25 14:31:01.8083488], value class [java.sql.Timestamp], SQL type 93
2026-05-25T14:31:01.809+01:00 TRACE 17252 --- [           main] o.s.jdbc.core.StatementCreatorUtils      : Setting SQL statement parameter value: column index 5, parameter value [9baaffd7-35ea-45ba-b6ff-aecd02057afb], value class [java.util.UUID], SQL type unknown
2026-05-25T14:31:01.809+01:00 TRACE 17252 --- [           main] o.s.jdbc.core.StatementCreatorUtils      : Setting SQL statement parameter value: column index 6, parameter value [null], value class [null], SQL type 93
2026-05-25T14:31:01.809+01:00 TRACE 17252 --- [           main] o.s.jdbc.core.StatementCreatorUtils      : Setting SQL statement parameter value: column index 7, parameter value [null], value class [null], SQL type 12
2026-05-25T14:31:01.809+01:00 TRACE 17252 --- [           main] o.s.jdbc.core.StatementCreatorUtils      : Setting SQL statement parameter value: column index 8, parameter value [null], value class [null], SQL type 12
2026-05-25T14:31:01.809+01:00 TRACE 17252 --- [           main] o.s.jdbc.core.StatementCreatorUtils      : Setting SQL statement parameter value: column index 9, parameter value [null], value class [null], SQL type 12
2026-05-25T14:31:01.809+01:00 TRACE 17252 --- [           main] o.s.jdbc.core.StatementCreatorUtils      : Setting SQL statement parameter value: column index 10, parameter value [null], value class [null], SQL type 12
2026-05-25T14:31:01.809+01:00 TRACE 17252 --- [           main] o.s.jdbc.core.StatementCreatorUtils      : Setting SQL statement parameter value: column index 11, parameter value [ACTIVE], value class [java.lang.String], SQL type 12
2026-05-25T14:31:01.809+01:00 TRACE 17252 --- [           main] o.s.jdbc.core.StatementCreatorUtils      : Setting SQL statement parameter value: column index 12, parameter value [Bookmark Activity], value class [java.lang.String], SQL type 12
2026-05-25T14:31:01.809+01:00 TRACE 17252 --- [           main] o.s.jdbc.core.StatementCreatorUtils      : Setting SQL statement parameter value: column index 13, parameter value [2026-05-25 14:31:01.8083488], value class [java.sql.Timestamp], SQL type 93
2026-05-25T14:31:01.810+01:00 TRACE 17252 --- [           main] o.s.jdbc.core.JdbcTemplate               : SQL update affected 1 rows and returned 1 keys
2026-05-25T14:31:01.814+01:00 DEBUG 17252 --- [           main] o.s.jdbc.core.JdbcTemplate               : Executing SQL update and returning generated keys
2026-05-25T14:31:01.814+01:00 DEBUG 17252 --- [           main] o.s.jdbc.core.JdbcTemplate               : Executing prepared SQL statement [INSERT INTO "bookmarks" ("activity_id", "created_at", "user_id", "variant_id") VALUES (?, ?, ?, ?)]
2026-05-25T14:31:01.814+01:00 TRACE 17252 --- [           main] o.s.jdbc.core.StatementCreatorUtils      : Setting SQL statement parameter value: column index 1, parameter value [341aada8-0b64-4d45-8305-4ed03a0157fb], value class [java.util.UUID], SQL type unknown
2026-05-25T14:31:01.814+01:00 TRACE 17252 --- [           main] o.s.jdbc.core.StatementCreatorUtils      : Setting SQL statement parameter value: column index 2, parameter value [2026-05-25 14:31:01.8114787], value class [java.sql.Timestamp], SQL type 93
2026-05-25T14:31:01.814+01:00 TRACE 17252 --- [           main] o.s.jdbc.core.StatementCreatorUtils      : Setting SQL statement parameter value: column index 3, parameter value [9baaffd7-35ea-45ba-b6ff-aecd02057afb], value class [java.util.UUID], SQL type unknown
2026-05-25T14:31:01.814+01:00 TRACE 17252 --- [           main] o.s.jdbc.core.StatementCreatorUtils      : Setting SQL statement parameter value: column index 4, parameter value [null], value class [null], SQL type unknown
2026-05-25T14:31:01.816+01:00 TRACE 17252 --- [           main] o.s.jdbc.core.JdbcTemplate               : SQL update affected 1 rows and returned 1 keys
2026-05-25T14:31:01.816+01:00 DEBUG 17252 --- [           main] o.s.jdbc.core.JdbcTemplate               : Executing prepared SQL query
2026-05-25T14:31:01.816+01:00 DEBUG 17252 --- [           main] o.s.jdbc.core.JdbcTemplate               : Executing prepared SQL statement [SELECT * FROM bookmarks WHERE user_id = ? ORDER BY created_at DESC]
2026-05-25T14:31:01.816+01:00 TRACE 17252 --- [           main] o.s.jdbc.core.StatementCreatorUtils      : Setting SQL statement parameter value: column index 1, parameter value [9baaffd7-35ea-45ba-b6ff-aecd02057afb], value class [java.util.UUID], SQL type unknown
2026-05-25T14:31:01.820+01:00 DEBUG 17252 --- [           main] o.s.jdbc.core.JdbcTemplate               : Executing SQL update and returning generated keys
2026-05-25T14:31:01.820+01:00 DEBUG 17252 --- [           main] o.s.jdbc.core.JdbcTemplate               : Executing prepared SQL statement [INSERT INTO "bookmarks" ("activity_id", "created_at", "user_id", "variant_id") VALUES (?, ?, ?, ?)]
2026-05-25T14:31:01.820+01:00 TRACE 17252 --- [           main] o.s.jdbc.core.StatementCreatorUtils      : Setting SQL statement parameter value: column index 1, parameter value [341aada8-0b64-4d45-8305-4ed03a0157fb], value class [java.util.UUID], SQL type unknown
2026-05-25T14:31:01.820+01:00 TRACE 17252 --- [           main] o.s.jdbc.core.StatementCreatorUtils      : Setting SQL statement parameter value: column index 2, parameter value [2026-05-25 14:31:01.8194007], value class [java.sql.Timestamp], SQL type 93
2026-05-25T14:31:01.820+01:00 TRACE 17252 --- [           main] o.s.jdbc.core.StatementCreatorUtils      : Setting SQL statement parameter value: column index 3, parameter value [9baaffd7-35ea-45ba-b6ff-aecd02057afb], value class [java.util.UUID], SQL type unknown
2026-05-25T14:31:01.820+01:00 TRACE 17252 --- [           main] o.s.jdbc.core.StatementCreatorUtils      : Setting SQL statement parameter value: column index 4, parameter value [null], value class [null], SQL type unknown
]]></system-out>
  </testcase>
</testsuite>